#
# There is insufficient memory for the Java Runtime Environment to continue.
# Native memory allocation (malloc) failed to allocate 1048576 bytes. Error detail: AllocateHeap
# Possible reasons:
#   The system is out of physical RAM or swap space
#   This process is running with CompressedOops enabled, and the Java Heap may be blocking the growth of the native heap
# Possible solutions:
#   Reduce memory load on the system
#   Increase physical memory or swap space
#   Check if swap backing store is full
#   Decrease Java heap size (-Xmx/-Xms)
#   Decrease number of Java threads
#   Decrease Java thread stack sizes (-Xss)
#   Set larger code cache with -XX:ReservedCodeCacheSize=
#   JVM is running with Unscaled Compressed Oops mode in which the Java heap is
#     placed in the first 4GB address space. The Java Heap base address is the
#     maximum limit for the native heap growth. Please use -XX:HeapBaseMinAddress
#     to set the Java Heap base and to place the Java Heap above 4GB virtual address.
# This output file may be truncated or incomplete.
#
#  Out of Memory Error (allocation.cpp:44), pid=12900, tid=2824
#
# JRE version: OpenJDK Runtime Environment Temurin-17.0.11+9 (17.0.11+9) (build 17.0.11+9)
# Java VM: OpenJDK 64-Bit Server VM Temurin-17.0.11+9 (17.0.11+9, mixed mode, emulated-client, tiered, compressed oops, compressed class ptrs, g1 gc, windows-amd64)
# No core dump will be written. Minidumps are not enabled by default on client versions of Windows
#

---------------  S U M M A R Y ------------

Command Line: -Xmx1024m -Dsts.lsp.client=vscode -Dsts.log.file=/dev/null -XX:TieredStopAtLevel=1 -Xlog:jni+resolve=off -Dspring.config.location=file:c:\Users\Admin\.vscode\extensions\vmware.vscode-spring-boot-1.56.0\language-server\BOOT-INF\classes\application.properties org.springframework.ide.vscode.boot.app.BootLanguageServerBootApp

Host: Intel(R) Core(TM) i3-1005G1 CPU @ 1.20GHz, 4 cores, 7G,  Windows 10 , 64 bit Build 19041 (10.0.19041.4597)
Time: Wed Jul 24 19:08:45 2024 Sri Lanka Standard Time elapsed time: 7110.970432 seconds (0d 1h 58m 30s)

---------------  T H R E A D  ---------------

Current thread (0x000001cd5286a6a0):  VMThread "VM Thread" [stack: 0x0000008d43f00000,0x0000008d44000000] [id=2824]

Stack: [0x0000008d43f00000,0x0000008d44000000]
Native frames: (J=compiled Java code, j=interpreted, Vv=VM code, C=native code)
V  [jvm.dll+0x67d429]
V  [jvm.dll+0x834b7a]
V  [jvm.dll+0x83663e]
V  [jvm.dll+0x836ca3]
V  [jvm.dll+0x247dbf]
V  [jvm.dll+0xa6cb3]
V  [jvm.dll+0x2f8ad3]
V  [jvm.dll+0x2f4750]
V  [jvm.dll+0x2dcf67]
V  [jvm.dll+0x31fb67]
V  [jvm.dll+0x83b19b]
V  [jvm.dll+0x83bed2]
V  [jvm.dll+0x83c3ed]
V  [jvm.dll+0x83c7c4]
V  [jvm.dll+0x83c890]
V  [jvm.dll+0x7e410a]
V  [jvm.dll+0x67c315]
C  [ucrtbase.dll+0x21bb2]
C  [KERNEL32.DLL+0x17374]
C  [ntdll.dll+0x4cc91]

VM_Operation (0x0000008d451feb90): G1CollectFull, mode: safepoint, requested by thread 0x000001cd58260fc0


---------------  P R O C E S S  ---------------

Threads class SMR info:
_java_thread_list=0x000001cd590474f0, length=19, elements={
0x000001cd52887250, 0x000001cd5288bd30, 0x000001cd528a1410, 0x000001cd528a1ee0,
0x000001cd528bf230, 0x000001cd529d0080, 0x000001cd529d2570, 0x000001cd529d2e80,
0x000001cd52bcfd10, 0x000001cd52bd9de0, 0x000001cd578c8060, 0x000001cd58260fc0,
0x000001cd578caab0, 0x000001cd4636b850, 0x000001cd57a03c40, 0x000001cd57a34370,
0x000001cd57f7f560, 0x000001cd57f7f050, 0x000001cd57f7fa70
}

Java Threads: ( => current thread )
  0x000001cd52887250 JavaThread "Reference Handler" daemon [_thread_blocked, id=15148, stack(0x0000008d44000000,0x0000008d44100000)]
  0x000001cd5288bd30 JavaThread "Finalizer" daemon [_thread_blocked, id=7844, stack(0x0000008d44100000,0x0000008d44200000)]
  0x000001cd528a1410 JavaThread "Signal Dispatcher" daemon [_thread_blocked, id=5500, stack(0x0000008d44200000,0x0000008d44300000)]
  0x000001cd528a1ee0 JavaThread "Attach Listener" daemon [_thread_blocked, id=6744, stack(0x0000008d44300000,0x0000008d44400000)]
  0x000001cd528bf230 JavaThread "Service Thread" daemon [_thread_blocked, id=1552, stack(0x0000008d44400000,0x0000008d44500000)]
  0x000001cd529d0080 JavaThread "Monitor Deflation Thread" daemon [_thread_blocked, id=16704, stack(0x0000008d44500000,0x0000008d44600000)]
  0x000001cd529d2570 JavaThread "C1 CompilerThread0" daemon [_thread_blocked, id=14164, stack(0x0000008d44600000,0x0000008d44700000)]
  0x000001cd529d2e80 JavaThread "Sweeper thread" daemon [_thread_blocked, id=17756, stack(0x0000008d44700000,0x0000008d44800000)]
  0x000001cd52bcfd10 JavaThread "Notification Thread" daemon [_thread_blocked, id=15336, stack(0x0000008d44900000,0x0000008d44a00000)]
  0x000001cd52bd9de0 JavaThread "Common-Cleaner" daemon [_thread_blocked, id=7684, stack(0x0000008d44b00000,0x0000008d44c00000)]
  0x000001cd578c8060 JavaThread "boundedElastic-evictor-1" daemon [_thread_blocked, id=15312, stack(0x0000008d45000000,0x0000008d45100000)]
  0x000001cd58260fc0 JavaThread "pool-13-thread-1" [_thread_blocked, id=11740, stack(0x0000008d45100000,0x0000008d45200000)]
  0x000001cd578caab0 JavaThread "LanguageServerApp-lifecycle" [_thread_blocked, id=18336, stack(0x0000008d45200000,0x0000008d45300000)]
  0x000001cd4636b850 JavaThread "DestroyJavaVM" [_thread_blocked, id=14684, stack(0x0000008d43900000,0x0000008d43a00000)]
  0x000001cd57a03c40 JavaThread "pool-14-thread-1" [_thread_in_native, id=14696, stack(0x0000008d45300000,0x0000008d45400000)]
  0x000001cd57a34370 JavaThread "Simple-Language-Server main thread" daemon [_thread_blocked, id=13108, stack(0x0000008d45400000,0x0000008d45500000)]
  0x000001cd57f7f560 JavaThread "parallel-1" daemon [_thread_blocked, id=11320, stack(0x0000008d45800000,0x0000008d45900000)]
  0x000001cd57f7f050 JavaThread "pool-6-thread-1" [_thread_blocked, id=2496, stack(0x0000008d45900000,0x0000008d45a00000)]
  0x000001cd57f7fa70 JavaThread "parallel-2" daemon [_thread_blocked, id=16716, stack(0x0000008d45a00000,0x0000008d45b00000)]

Other Threads:
=>0x000001cd5286a6a0 VMThread "VM Thread" [stack: 0x0000008d43f00000,0x0000008d44000000] [id=2824]
  0x000001cd52bd01f0 WatcherThread [stack: 0x0000008d44a00000,0x0000008d44b00000] [id=11908]
  0x000001cd463a9140 GCTaskThread "GC Thread#0" [stack: 0x0000008d43a00000,0x0000008d43b00000] [id=18024]
  0x000001cd52dc9cb0 GCTaskThread "GC Thread#1" [stack: 0x0000008d44800000,0x0000008d44900000] [id=11668]
  0x000001cd57449c70 GCTaskThread "GC Thread#2" [stack: 0x0000008d44c00000,0x0000008d44d00000] [id=6936]
  0x000001cd52b7a3a0 GCTaskThread "GC Thread#3" [stack: 0x0000008d44e00000,0x0000008d44f00000] [id=13804]
  0x000001cd463b1fa0 ConcurrentGCThread "G1 Main Marker" [stack: 0x0000008d43b00000,0x0000008d43c00000] [id=1836]
  0x000001cd463b28d0 ConcurrentGCThread "G1 Conc#0" [stack: 0x0000008d43c00000,0x0000008d43d00000] [id=5960]
  0x000001cd46418880 ConcurrentGCThread "G1 Refine#0" [stack: 0x0000008d43d00000,0x0000008d43e00000] [id=14544]
  0x000001cd464191c0 ConcurrentGCThread "G1 Service" [stack: 0x0000008d43e00000,0x0000008d43f00000] [id=18564]

Threads with active compile tasks:

VM state: at safepoint (normal execution)

VM Mutex/Monitor currently owned by a thread:  ([mutex/lock_event])
[0x000001cd4625bea0] Threads_lock - owner thread: 0x000001cd5286a6a0
[0x000001cd463690c0] Heap_lock - owner thread: 0x000001cd58260fc0

Heap address: 0x00000000c0000000, size: 1024 MB, Compressed Oops mode: 32-bit

CDS archive(s) not mapped
Compressed class space mapped at: 0x0000000100000000-0x0000000140000000, reserved size: 1073741824
Narrow klass base: 0x0000000000000000, Narrow klass shift: 3, Narrow klass range: 0x140000000

GC Precious Log:
 CPUs: 4 total, 4 available
 Memory: 7934M
 Large Page Support: Disabled
 NUMA Support: Disabled
 Compressed Oops: Enabled (32-bit)
 Heap Region Size: 1M
 Heap Min Capacity: 8M
 Heap Initial Capacity: 124M
 Heap Max Capacity: 1G
 Pre-touch: Disabled
 Parallel Workers: 4
 Concurrent Workers: 1
 Concurrent Refinement Workers: 4
 Periodic GC: Disabled

Heap:
 garbage-first heap   total 143360K, used 42302K [0x00000000c0000000, 0x0000000100000000)
  region size 1024K, 1 young (1024K), 0 survivors (0K)
 Metaspace       used 64802K, committed 65536K, reserved 1114112K
  class space    used 8409K, committed 8704K, reserved 1048576K

Heap Regions: E=young(eden), S=young(survivor), O=old, HS=humongous(starts), HC=humongous(continues), CS=collection set, F=free, OA=open archive, CA=closed archive, TAMS=top-at-mark-start (previous, next)
|   0|0x00000000c0000000, 0x00000000c0100000, 0x00000000c0100000|100%|HS|  |TAMS 0x00000000c0100000, 0x00000000c0000000| Untracked 
|   1|0x00000000c0100000, 0x00000000c0200000, 0x00000000c0200000|100%|HC|  |TAMS 0x00000000c0200000, 0x00000000c0100000| Untracked 
|   2|0x00000000c0200000, 0x00000000c0300000, 0x00000000c0300000|100%|HC|  |TAMS 0x00000000c0300000, 0x00000000c0200000| Untracked 
|   3|0x00000000c0300000, 0x00000000c0400000, 0x00000000c0400000|100%|HC|  |TAMS 0x00000000c0400000, 0x00000000c0300000| Untracked 
|   4|0x00000000c0400000, 0x00000000c0500000, 0x00000000c0500000|100%| O|  |TAMS 0x00000000c0500000, 0x00000000c0400000| Untracked 
|   5|0x00000000c0500000, 0x00000000c05ffa40, 0x00000000c0600000| 99%| O|  |TAMS 0x00000000c05ffa40, 0x00000000c0500000| Untracked 
|   6|0x00000000c0600000, 0x00000000c06fee20, 0x00000000c0700000| 99%| O|  |TAMS 0x00000000c06fee20, 0x00000000c0600000| Untracked 
|   7|0x00000000c0700000, 0x00000000c07ffff0, 0x00000000c0800000| 99%| O|  |TAMS 0x00000000c07ffff0, 0x00000000c0700000| Untracked 
|   8|0x00000000c0800000, 0x00000000c0900000, 0x00000000c0900000|100%| O|  |TAMS 0x00000000c0900000, 0x00000000c0800000| Untracked 
|   9|0x00000000c0900000, 0x00000000c0a00000, 0x00000000c0a00000|100%| O|  |TAMS 0x00000000c0a00000, 0x00000000c0900000| Untracked 
|  10|0x00000000c0a00000, 0x00000000c0b00000, 0x00000000c0b00000|100%|HS|  |TAMS 0x00000000c0b00000, 0x00000000c0a00000| Untracked 
|  11|0x00000000c0b00000, 0x00000000c0c00000, 0x00000000c0c00000|100%|HC|  |TAMS 0x00000000c0c00000, 0x00000000c0b00000| Untracked 
|  12|0x00000000c0c00000, 0x00000000c0cfff90, 0x00000000c0d00000| 99%| O|  |TAMS 0x00000000c0cfff90, 0x00000000c0c00000| Untracked 
|  13|0x00000000c0d00000, 0x00000000c0e00000, 0x00000000c0e00000|100%| O|  |TAMS 0x00000000c0e00000, 0x00000000c0d00000| Untracked 
|  14|0x00000000c0e00000, 0x00000000c0f00000, 0x00000000c0f00000|100%| O|  |TAMS 0x00000000c0f00000, 0x00000000c0e00000| Untracked 
|  15|0x00000000c0f00000, 0x00000000c0ffffe0, 0x00000000c1000000| 99%| O|  |TAMS 0x00000000c0ffffe0, 0x00000000c0f00000| Untracked 
|  16|0x00000000c1000000, 0x00000000c10fffe8, 0x00000000c1100000| 99%| O|  |TAMS 0x00000000c10fffe8, 0x00000000c1000000| Untracked 
|  17|0x00000000c1100000, 0x00000000c1200000, 0x00000000c1200000|100%| O|  |TAMS 0x00000000c1200000, 0x00000000c1100000| Untracked 
|  18|0x00000000c1200000, 0x00000000c12ffea8, 0x00000000c1300000| 99%| O|  |TAMS 0x00000000c12ffea8, 0x00000000c1200000| Untracked 
|  19|0x00000000c1300000, 0x00000000c13fffa8, 0x00000000c1400000| 99%| O|  |TAMS 0x00000000c13fffa8, 0x00000000c1300000| Untracked 
|  20|0x00000000c1400000, 0x00000000c14f9180, 0x00000000c1500000| 97%| O|  |TAMS 0x00000000c14f9180, 0x00000000c1400000| Untracked 
|  21|0x00000000c1500000, 0x00000000c15ffff0, 0x00000000c1600000| 99%| O|  |TAMS 0x00000000c15ffff0, 0x00000000c1500000| Untracked 
|  22|0x00000000c1600000, 0x00000000c1700000, 0x00000000c1700000|100%| O|  |TAMS 0x00000000c1700000, 0x00000000c1600000| Untracked 
|  23|0x00000000c1700000, 0x00000000c1800000, 0x00000000c1800000|100%| O|  |TAMS 0x00000000c1800000, 0x00000000c1700000| Untracked 
|  24|0x00000000c1800000, 0x00000000c1900000, 0x00000000c1900000|100%| O|  |TAMS 0x00000000c1900000, 0x00000000c1800000| Untracked 
|  25|0x00000000c1900000, 0x00000000c1a00000, 0x00000000c1a00000|100%| O|  |TAMS 0x00000000c1a00000, 0x00000000c1900000| Untracked 
|  26|0x00000000c1a00000, 0x00000000c1aff140, 0x00000000c1b00000| 99%| O|  |TAMS 0x00000000c1aff140, 0x00000000c1a00000| Untracked 
|  27|0x00000000c1b00000, 0x00000000c1c00000, 0x00000000c1c00000|100%| O|  |TAMS 0x00000000c1c00000, 0x00000000c1b00000| Untracked 
|  28|0x00000000c1c00000, 0x00000000c1cfffe8, 0x00000000c1d00000| 99%| O|  |TAMS 0x00000000c1cfffe8, 0x00000000c1c00000| Untracked 
|  29|0x00000000c1d00000, 0x00000000c1e00000, 0x00000000c1e00000|100%| O|  |TAMS 0x00000000c1e00000, 0x00000000c1d00000| Untracked 
|  30|0x00000000c1e00000, 0x00000000c1ef7af8, 0x00000000c1f00000| 96%| O|  |TAMS 0x00000000c1ef7af8, 0x00000000c1e00000| Untracked 
|  31|0x00000000c1f00000, 0x00000000c1fffff8, 0x00000000c2000000| 99%| O|  |TAMS 0x00000000c1fffff8, 0x00000000c1f00000| Untracked 
|  32|0x00000000c2000000, 0x00000000c20d6330, 0x00000000c2100000| 83%| O|  |TAMS 0x00000000c2000000, 0x00000000c2000000| Untracked 
|  33|0x00000000c2100000, 0x00000000c21927c8, 0x00000000c2200000| 57%| O|  |TAMS 0x00000000c2100000, 0x00000000c2100000| Untracked 
|  34|0x00000000c2200000, 0x00000000c22ffff0, 0x00000000c2300000| 99%| O|  |TAMS 0x00000000c22ffff0, 0x00000000c2200000| Untracked 
|  35|0x00000000c2300000, 0x00000000c2300000, 0x00000000c2400000|  0%| F|  |TAMS 0x00000000c2300000, 0x00000000c2300000| Untracked 
|  36|0x00000000c2400000, 0x00000000c24f9000, 0x00000000c2500000| 97%| O|  |TAMS 0x00000000c24f9000, 0x00000000c2400000| Untracked 
|  37|0x00000000c2500000, 0x00000000c2500000, 0x00000000c2600000|  0%| F|  |TAMS 0x00000000c2500000, 0x00000000c2500000| Untracked 
|  38|0x00000000c2600000, 0x00000000c2600000, 0x00000000c2700000|  0%| F|  |TAMS 0x00000000c2600000, 0x00000000c2600000| Untracked 
|  39|0x00000000c2700000, 0x00000000c2700000, 0x00000000c2800000|  0%| F|  |TAMS 0x00000000c2700000, 0x00000000c2700000| Untracked 
|  40|0x00000000c2800000, 0x00000000c2800000, 0x00000000c2900000|  0%| F|  |TAMS 0x00000000c2800000, 0x00000000c2800000| Untracked 
|  41|0x00000000c2900000, 0x00000000c2900000, 0x00000000c2a00000|  0%| F|  |TAMS 0x00000000c2900000, 0x00000000c2900000| Untracked 
|  42|0x00000000c2a00000, 0x00000000c2affed8, 0x00000000c2b00000| 99%| O|  |TAMS 0x00000000c2affed8, 0x00000000c2a00000| Untracked 
|  43|0x00000000c2b00000, 0x00000000c2b00000, 0x00000000c2c00000|  0%| F|  |TAMS 0x00000000c2b00000, 0x00000000c2b00000| Untracked 
|  44|0x00000000c2c00000, 0x00000000c2cfffe8, 0x00000000c2d00000| 99%| O|  |TAMS 0x00000000c2cfffe8, 0x00000000c2c00000| Untracked 
|  45|0x00000000c2d00000, 0x00000000c2dffbc8, 0x00000000c2e00000| 99%| O|  |TAMS 0x00000000c2dffbc8, 0x00000000c2d00000| Untracked 
|  46|0x00000000c2e00000, 0x00000000c2efffe8, 0x00000000c2f00000| 99%| O|  |TAMS 0x00000000c2efffe8, 0x00000000c2e00000| Untracked 
|  47|0x00000000c2f00000, 0x00000000c2f00000, 0x00000000c3000000|  0%| F|  |TAMS 0x00000000c2f00000, 0x00000000c2f00000| Untracked 
|  48|0x00000000c3000000, 0x00000000c3000000, 0x00000000c3100000|  0%| F|  |TAMS 0x00000000c3000000, 0x00000000c3000000| Untracked 
|  49|0x00000000c3100000, 0x00000000c3100000, 0x00000000c3200000|  0%| F|  |TAMS 0x00000000c3100000, 0x00000000c3100000| Untracked 
|  50|0x00000000c3200000, 0x00000000c3200000, 0x00000000c3300000|  0%| F|  |TAMS 0x00000000c3200000, 0x00000000c3200000| Untracked 
|  51|0x00000000c3300000, 0x00000000c3300000, 0x00000000c3400000|  0%| F|  |TAMS 0x00000000c3300000, 0x00000000c3300000| Untracked 
|  52|0x00000000c3400000, 0x00000000c3400000, 0x00000000c3500000|  0%| F|  |TAMS 0x00000000c3400000, 0x00000000c3400000| Untracked 
|  53|0x00000000c3500000, 0x00000000c3600000, 0x00000000c3600000|100%| O|  |TAMS 0x00000000c3600000, 0x00000000c3500000| Untracked 
|  54|0x00000000c3600000, 0x00000000c3600000, 0x00000000c3700000|  0%| F|  |TAMS 0x00000000c3600000, 0x00000000c3600000| Untracked 
|  55|0x00000000c3700000, 0x00000000c3700000, 0x00000000c3800000|  0%| F|  |TAMS 0x00000000c3700000, 0x00000000c3700000| Untracked 
|  56|0x00000000c3800000, 0x00000000c3800000, 0x00000000c3900000|  0%| F|  |TAMS 0x00000000c3800000, 0x00000000c3800000| Untracked 
|  57|0x00000000c3900000, 0x00000000c3900000, 0x00000000c3a00000|  0%| F|  |TAMS 0x00000000c3900000, 0x00000000c3900000| Untracked 
|  58|0x00000000c3a00000, 0x00000000c3a00000, 0x00000000c3b00000|  0%| F|  |TAMS 0x00000000c3a00000, 0x00000000c3a00000| Untracked 
|  59|0x00000000c3b00000, 0x00000000c3b00000, 0x00000000c3c00000|  0%| F|  |TAMS 0x00000000c3b00000, 0x00000000c3b00000| Untracked 
|  60|0x00000000c3c00000, 0x00000000c3c00000, 0x00000000c3d00000|  0%| F|  |TAMS 0x00000000c3c00000, 0x00000000c3c00000| Untracked 
|  61|0x00000000c3d00000, 0x00000000c3d00000, 0x00000000c3e00000|  0%| F|  |TAMS 0x00000000c3d00000, 0x00000000c3d00000| Untracked 
|  62|0x00000000c3e00000, 0x00000000c3e00000, 0x00000000c3f00000|  0%| F|  |TAMS 0x00000000c3e00000, 0x00000000c3e00000| Untracked 
|  63|0x00000000c3f00000, 0x00000000c3f00000, 0x00000000c4000000|  0%| F|  |TAMS 0x00000000c3f00000, 0x00000000c3f00000| Untracked 
|  64|0x00000000c4000000, 0x00000000c4000000, 0x00000000c4100000|  0%| F|  |TAMS 0x00000000c4000000, 0x00000000c4000000| Untracked 
|  65|0x00000000c4100000, 0x00000000c4100000, 0x00000000c4200000|  0%| F|  |TAMS 0x00000000c4100000, 0x00000000c4100000| Untracked 
|  66|0x00000000c4200000, 0x00000000c4200000, 0x00000000c4300000|  0%| F|  |TAMS 0x00000000c4200000, 0x00000000c4200000| Untracked 
|  67|0x00000000c4300000, 0x00000000c4300000, 0x00000000c4400000|  0%| F|  |TAMS 0x00000000c4300000, 0x00000000c4300000| Untracked 
|  68|0x00000000c4400000, 0x00000000c4400000, 0x00000000c4500000|  0%| F|  |TAMS 0x00000000c4400000, 0x00000000c4400000| Untracked 
|  69|0x00000000c4500000, 0x00000000c4500000, 0x00000000c4600000|  0%| F|  |TAMS 0x00000000c4500000, 0x00000000c4500000| Untracked 
|  70|0x00000000c4600000, 0x00000000c4600000, 0x00000000c4700000|  0%| F|  |TAMS 0x00000000c4600000, 0x00000000c4600000| Untracked 
|  71|0x00000000c4700000, 0x00000000c4700000, 0x00000000c4800000|  0%| F|  |TAMS 0x00000000c4700000, 0x00000000c4700000| Untracked 
|  72|0x00000000c4800000, 0x00000000c4800000, 0x00000000c4900000|  0%| F|  |TAMS 0x00000000c4800000, 0x00000000c4800000| Untracked 
|  73|0x00000000c4900000, 0x00000000c4900000, 0x00000000c4a00000|  0%| F|  |TAMS 0x00000000c4900000, 0x00000000c4900000| Untracked 
|  74|0x00000000c4a00000, 0x00000000c4a00000, 0x00000000c4b00000|  0%| F|  |TAMS 0x00000000c4a00000, 0x00000000c4a00000| Untracked 
|  75|0x00000000c4b00000, 0x00000000c4b00000, 0x00000000c4c00000|  0%| F|  |TAMS 0x00000000c4b00000, 0x00000000c4b00000| Untracked 
|  76|0x00000000c4c00000, 0x00000000c4c00000, 0x00000000c4d00000|  0%| F|  |TAMS 0x00000000c4c00000, 0x00000000c4c00000| Untracked 
|  77|0x00000000c4d00000, 0x00000000c4d00000, 0x00000000c4e00000|  0%| F|  |TAMS 0x00000000c4d00000, 0x00000000c4d00000| Untracked 
|  78|0x00000000c4e00000, 0x00000000c4e00000, 0x00000000c4f00000|  0%| F|  |TAMS 0x00000000c4e00000, 0x00000000c4e00000| Untracked 
|  79|0x00000000c4f00000, 0x00000000c4f00000, 0x00000000c5000000|  0%| F|  |TAMS 0x00000000c4f00000, 0x00000000c4f00000| Untracked 
|  80|0x00000000c5000000, 0x00000000c5000000, 0x00000000c5100000|  0%| F|  |TAMS 0x00000000c5000000, 0x00000000c5000000| Untracked 
|  81|0x00000000c5100000, 0x00000000c5100000, 0x00000000c5200000|  0%| F|  |TAMS 0x00000000c5100000, 0x00000000c5100000| Untracked 
|  82|0x00000000c5200000, 0x00000000c5200000, 0x00000000c5300000|  0%| F|  |TAMS 0x00000000c5200000, 0x00000000c5200000| Untracked 
|  83|0x00000000c5300000, 0x00000000c5300000, 0x00000000c5400000|  0%| F|  |TAMS 0x00000000c5300000, 0x00000000c5300000| Untracked 
|  84|0x00000000c5400000, 0x00000000c5400000, 0x00000000c5500000|  0%| F|  |TAMS 0x00000000c5400000, 0x00000000c5400000| Untracked 
|  85|0x00000000c5500000, 0x00000000c5500000, 0x00000000c5600000|  0%| F|  |TAMS 0x00000000c5500000, 0x00000000c5500000| Untracked 
|  86|0x00000000c5600000, 0x00000000c5700000, 0x00000000c5700000|100%| O|  |TAMS 0x00000000c5700000, 0x00000000c5600000| Untracked 
|  87|0x00000000c5700000, 0x00000000c5700000, 0x00000000c5800000|  0%| F|  |TAMS 0x00000000c5700000, 0x00000000c5700000| Untracked 
|  88|0x00000000c5800000, 0x00000000c5800000, 0x00000000c5900000|  0%| F|  |TAMS 0x00000000c5800000, 0x00000000c5800000| Untracked 
|  89|0x00000000c5900000, 0x00000000c5900000, 0x00000000c5a00000|  0%| F|  |TAMS 0x00000000c5900000, 0x00000000c5900000| Untracked 
|  90|0x00000000c5a00000, 0x00000000c5a00000, 0x00000000c5b00000|  0%| F|  |TAMS 0x00000000c5a00000, 0x00000000c5a00000| Untracked 
|  91|0x00000000c5b00000, 0x00000000c5b00000, 0x00000000c5c00000|  0%| F|  |TAMS 0x00000000c5b00000, 0x00000000c5b00000| Untracked 
|  92|0x00000000c5c00000, 0x00000000c5c00000, 0x00000000c5d00000|  0%| F|  |TAMS 0x00000000c5c00000, 0x00000000c5c00000| Untracked 
|  93|0x00000000c5d00000, 0x00000000c5d00000, 0x00000000c5e00000|  0%| F|  |TAMS 0x00000000c5d00000, 0x00000000c5d00000| Untracked 
|  94|0x00000000c5e00000, 0x00000000c5e00000, 0x00000000c5f00000|  0%| F|  |TAMS 0x00000000c5e00000, 0x00000000c5e00000| Untracked 
|  95|0x00000000c5f00000, 0x00000000c5f00000, 0x00000000c6000000|  0%| F|  |TAMS 0x00000000c5f00000, 0x00000000c5f00000| Untracked 
|  96|0x00000000c6000000, 0x00000000c6000000, 0x00000000c6100000|  0%| F|  |TAMS 0x00000000c6000000, 0x00000000c6000000| Untracked 
|  97|0x00000000c6100000, 0x00000000c6100000, 0x00000000c6200000|  0%| F|  |TAMS 0x00000000c6100000, 0x00000000c6100000| Untracked 
|  98|0x00000000c6200000, 0x00000000c6200000, 0x00000000c6300000|  0%| F|  |TAMS 0x00000000c6200000, 0x00000000c6200000| Untracked 
|  99|0x00000000c6300000, 0x00000000c6300000, 0x00000000c6400000|  0%| F|  |TAMS 0x00000000c6300000, 0x00000000c6300000| Untracked 
| 100|0x00000000c6400000, 0x00000000c6400000, 0x00000000c6500000|  0%| F|  |TAMS 0x00000000c6400000, 0x00000000c6400000| Untracked 
| 101|0x00000000c6500000, 0x00000000c6500000, 0x00000000c6600000|  0%| F|  |TAMS 0x00000000c6500000, 0x00000000c6500000| Untracked 
| 102|0x00000000c6600000, 0x00000000c6600000, 0x00000000c6700000|  0%| F|  |TAMS 0x00000000c6600000, 0x00000000c6600000| Untracked 
| 103|0x00000000c6700000, 0x00000000c6700000, 0x00000000c6800000|  0%| F|  |TAMS 0x00000000c6700000, 0x00000000c6700000| Untracked 
| 104|0x00000000c6800000, 0x00000000c6800000, 0x00000000c6900000|  0%| F|  |TAMS 0x00000000c6800000, 0x00000000c6800000| Untracked 
| 105|0x00000000c6900000, 0x00000000c6900000, 0x00000000c6a00000|  0%| F|  |TAMS 0x00000000c6900000, 0x00000000c6900000| Untracked 
| 106|0x00000000c6a00000, 0x00000000c6a00000, 0x00000000c6b00000|  0%| F|  |TAMS 0x00000000c6a00000, 0x00000000c6a00000| Untracked 
| 107|0x00000000c6b00000, 0x00000000c6b00000, 0x00000000c6c00000|  0%| F|  |TAMS 0x00000000c6b00000, 0x00000000c6b00000| Untracked 
| 108|0x00000000c6c00000, 0x00000000c6c00000, 0x00000000c6d00000|  0%| F|  |TAMS 0x00000000c6c00000, 0x00000000c6c00000| Untracked 
| 109|0x00000000c6d00000, 0x00000000c6d00000, 0x00000000c6e00000|  0%| F|  |TAMS 0x00000000c6d00000, 0x00000000c6d00000| Untracked 
| 110|0x00000000c6e00000, 0x00000000c6e00000, 0x00000000c6f00000|  0%| F|  |TAMS 0x00000000c6e00000, 0x00000000c6e00000| Untracked 
| 111|0x00000000c6f00000, 0x00000000c6f00000, 0x00000000c7000000|  0%| F|  |TAMS 0x00000000c6f00000, 0x00000000c6f00000| Untracked 
| 112|0x00000000c7000000, 0x00000000c7000000, 0x00000000c7100000|  0%| F|  |TAMS 0x00000000c7000000, 0x00000000c7000000| Untracked 
| 113|0x00000000c7100000, 0x00000000c7100000, 0x00000000c7200000|  0%| F|  |TAMS 0x00000000c7100000, 0x00000000c7100000| Untracked 
| 114|0x00000000c7200000, 0x00000000c7200000, 0x00000000c7300000|  0%| F|  |TAMS 0x00000000c7200000, 0x00000000c7200000| Untracked 
| 115|0x00000000c7300000, 0x00000000c7300000, 0x00000000c7400000|  0%| F|  |TAMS 0x00000000c7300000, 0x00000000c7300000| Untracked 
| 116|0x00000000c7400000, 0x00000000c7400000, 0x00000000c7500000|  0%| F|  |TAMS 0x00000000c7400000, 0x00000000c7400000| Untracked 
| 117|0x00000000c7500000, 0x00000000c7500000, 0x00000000c7600000|  0%| F|  |TAMS 0x00000000c7500000, 0x00000000c7500000| Untracked 
| 118|0x00000000c7600000, 0x00000000c7600000, 0x00000000c7700000|  0%| F|  |TAMS 0x00000000c7600000, 0x00000000c7600000| Untracked 
| 119|0x00000000c7700000, 0x00000000c7700000, 0x00000000c7800000|  0%| F|  |TAMS 0x00000000c7700000, 0x00000000c7700000| Untracked 
| 120|0x00000000c7800000, 0x00000000c7800000, 0x00000000c7900000|  0%| F|  |TAMS 0x00000000c7800000, 0x00000000c7800000| Untracked 
| 121|0x00000000c7900000, 0x00000000c7900000, 0x00000000c7a00000|  0%| F|  |TAMS 0x00000000c7900000, 0x00000000c7900000| Untracked 
| 122|0x00000000c7a00000, 0x00000000c7a00000, 0x00000000c7b00000|  0%| F|  |TAMS 0x00000000c7a00000, 0x00000000c7a00000| Untracked 
| 123|0x00000000c7b00000, 0x00000000c7b00000, 0x00000000c7c00000|  0%| F|  |TAMS 0x00000000c7b00000, 0x00000000c7b00000| Untracked 
| 124|0x00000000c7c00000, 0x00000000c7c00000, 0x00000000c7d00000|  0%| F|  |TAMS 0x00000000c7c00000, 0x00000000c7c00000| Untracked 
| 125|0x00000000c7d00000, 0x00000000c7d00000, 0x00000000c7e00000|  0%| F|  |TAMS 0x00000000c7d00000, 0x00000000c7d00000| Untracked 
| 126|0x00000000c7e00000, 0x00000000c7e00000, 0x00000000c7f00000|  0%| F|  |TAMS 0x00000000c7e00000, 0x00000000c7e00000| Untracked 
| 127|0x00000000c7f00000, 0x00000000c7f00000, 0x00000000c8000000|  0%| F|  |TAMS 0x00000000c7f00000, 0x00000000c7f00000| Untracked 
| 128|0x00000000c8000000, 0x00000000c8000000, 0x00000000c8100000|  0%| F|  |TAMS 0x00000000c8000000, 0x00000000c8000000| Untracked 
| 129|0x00000000c8100000, 0x00000000c8100000, 0x00000000c8200000|  0%| F|  |TAMS 0x00000000c8100000, 0x00000000c8100000| Untracked 
| 130|0x00000000c8200000, 0x00000000c8200000, 0x00000000c8300000|  0%| F|  |TAMS 0x00000000c8200000, 0x00000000c8200000| Untracked 
| 131|0x00000000c8300000, 0x00000000c8300000, 0x00000000c8400000|  0%| F|  |TAMS 0x00000000c8300000, 0x00000000c8300000| Untracked 
| 132|0x00000000c8400000, 0x00000000c8400000, 0x00000000c8500000|  0%| F|  |TAMS 0x00000000c8400000, 0x00000000c8400000| Untracked 
| 133|0x00000000c8500000, 0x00000000c8500000, 0x00000000c8600000|  0%| F|  |TAMS 0x00000000c8500000, 0x00000000c8500000| Untracked 
| 134|0x00000000c8600000, 0x00000000c8600000, 0x00000000c8700000|  0%| F|  |TAMS 0x00000000c8600000, 0x00000000c8600000| Untracked 
| 135|0x00000000c8700000, 0x00000000c8700000, 0x00000000c8800000|  0%| F|  |TAMS 0x00000000c8700000, 0x00000000c8700000| Untracked 
| 136|0x00000000c8800000, 0x00000000c8800000, 0x00000000c8900000|  0%| F|  |TAMS 0x00000000c8800000, 0x00000000c8800000| Untracked 
| 137|0x00000000c8900000, 0x00000000c8900000, 0x00000000c8a00000|  0%| F|  |TAMS 0x00000000c8900000, 0x00000000c8900000| Untracked 
| 138|0x00000000c8a00000, 0x00000000c8a00000, 0x00000000c8b00000|  0%| F|  |TAMS 0x00000000c8a00000, 0x00000000c8a00000| Untracked 
| 139|0x00000000c8b00000, 0x00000000c8b3bea8, 0x00000000c8c00000| 23%| E|  |TAMS 0x00000000c8b00000, 0x00000000c8b00000| Complete 

Card table byte_map: [0x000001cd4de90000,0x000001cd4e090000] _byte_map_base: 0x000001cd4d890000

Marking Bits (Prev, Next): (CMBitMap*) 0x000001cd463a96b0, (CMBitMap*) 0x000001cd463a9670
 Prev Bits: [0x000001cd4f290000, 0x000001cd50290000)
 Next Bits: [0x000001cd4e290000, 0x000001cd4f290000)

Polling page: 0x000001cd461d0000

Metaspace:

Usage:
  Non-class:     55.07 MB used.
      Class:      8.21 MB used.
       Both:     63.28 MB used.

Virtual space:
  Non-class space:       64.00 MB reserved,      55.50 MB ( 87%) committed,  1 nodes.
      Class space:        1.00 GB reserved,       8.50 MB ( <1%) committed,  1 nodes.
             Both:        1.06 GB reserved,      64.00 MB (  6%) committed. 

Chunk freelists:
   Non-Class:  8.76 MB
       Class:  7.54 MB
        Both:  16.30 MB

MaxMetaspaceSize: unlimited
CompressedClassSpaceSize: 1.00 GB
Initial GC threshold: 21.00 MB
Current GC threshold: 106.69 MB
CDS: off
MetaspaceReclaimPolicy: balanced
 - commit_granule_bytes: 65536.
 - commit_granule_words: 8192.
 - virtual_space_node_default_size: 8388608.
 - enlarge_chunks_in_place: 1.
 - new_chunks_are_fully_committed: 0.
 - uncommit_free_chunks: 1.
 - use_allocation_guard: 0.
 - handle_deallocations: 1.


Internal statistics:

num_allocs_failed_limit: 8.
num_arena_births: 626.
num_arena_deaths: 230.
num_vsnodes_births: 2.
num_vsnodes_deaths: 0.
num_space_committed: 1023.
num_space_uncommitted: 0.
num_chunks_returned_to_freelist: 276.
num_chunks_taken_from_freelist: 2651.
num_chunk_merges: 98.
num_chunk_splits: 1907.
num_chunks_enlarged: 1502.
num_inconsistent_stats: 0.

CodeCache: size=49152Kb used=12903Kb max_used=13796Kb free=36248Kb
 bounds [0x000001cd4a7e0000, 0x000001cd4b560000, 0x000001cd4d7e0000]
 total_blobs=7665 nmethods=6989 adapters=603
 compilation: enabled
              stopped_count=0, restarted_count=0
 full_count=0

Compilation events (20 events):
Event: 2644.117 Thread 0x000001cd529d2570 6975   !   1       java.lang.ProcessImpl::<init> (327 bytes)
Event: 2644.121 Thread 0x000001cd529d2570 nmethod 6975 0x000001cd4aa10e10 code [0x000001cd4aa11260, 0x000001cd4aa12618]
Event: 2644.121 Thread 0x000001cd529d2570 6976       1       java.lang.Process::<init> (5 bytes)
Event: 2644.122 Thread 0x000001cd529d2570 nmethod 6976 0x000001cd4aa10b10 code [0x000001cd4aa10ca0, 0x000001cd4aa10d58]
Event: 2644.122 Thread 0x000001cd529d2570 6978       1       java.lang.invoke.LambdaForm$DMH/0x0000000100891400::newInvokeSpecial (23 bytes)
Event: 2644.122 Thread 0x000001cd529d2570 nmethod 6978 0x000001cd4aa10690 code [0x000001cd4aa10840, 0x000001cd4aa109c8]
Event: 2644.122 Thread 0x000001cd529d2570 6979       1       java.lang.ProcessImpl$$Lambda$1095/0x00000001006da8c0::<init> (10 bytes)
Event: 2644.122 Thread 0x000001cd529d2570 nmethod 6979 0x000001cd4aa10390 code [0x000001cd4aa10520, 0x000001cd4aa105f8]
Event: 2644.205 Thread 0x000001cd529d2570 6980   !   1       java.io.FilterOutputStream::close (183 bytes)
Event: 2644.237 Thread 0x000001cd529d2570 nmethod 6980 0x000001cd4aa0f210 code [0x000001cd4aa0f420, 0x000001cd4aa0f8f8]
Event: 2644.237 Thread 0x000001cd529d2570 6982       1       java.lang.ProcessImpl$$Lambda$1095/0x00000001006da8c0::run (8 bytes)
Event: 2644.237 Thread 0x000001cd529d2570 nmethod 6982 0x000001cd4aa0ef10 code [0x000001cd4aa0f0a0, 0x000001cd4aa0f188]
Event: 2644.237 Thread 0x000001cd529d2570 6983       1       java.lang.ProcessImpl::lambda$new$0 (6 bytes)
Event: 2644.237 Thread 0x000001cd529d2570 nmethod 6983 0x000001cd4aa0ec10 code [0x000001cd4aa0eda0, 0x000001cd4aa0ee68]
Event: 3945.173 Thread 0x000001cd529d2570 6986       1       java.lang.ProcessImpl$2::run (242 bytes)
Event: 3945.190 Thread 0x000001cd529d2570 nmethod 6986 0x000001cd4aa0cd90 code [0x000001cd4aa0d040, 0x000001cd4aa0ddd8]
Event: 3945.190 Thread 0x000001cd529d2570 6987       1       java.io.BufferedOutputStream::<init> (9 bytes)
Event: 3945.190 Thread 0x000001cd529d2570 nmethod 6987 0x000001cd4aa0c810 code [0x000001cd4aa0c9a0, 0x000001cd4aa0cc78]
Event: 3945.190 Thread 0x000001cd529d2570 6988       1       java.lang.ProcessImpl::waitFor (136 bytes)
Event: 3945.193 Thread 0x000001cd529d2570 nmethod 6988 0x000001cd4aa0bf90 code [0x000001cd4aa0c1a0, 0x000001cd4aa0c5b8]

GC Heap History (20 events):
Event: 7009.541 GC heap before
{Heap before GC invocations=716 (full 685):
 garbage-first heap   total 143360K, used 42302K [0x00000000c0000000, 0x0000000100000000)
  region size 1024K, 1 young (1024K), 0 survivors (0K)
 Metaspace       used 64802K, committed 65536K, reserved 1114112K
  class space    used 8409K, committed 8704K, reserved 1048576K
}
Event: 7009.572 GC heap after
{Heap after GC invocations=717 (full 686):
 garbage-first heap   total 143360K, used 42302K [0x00000000c0000000, 0x0000000100000000)
  region size 1024K, 0 young (0K), 0 survivors (0K)
 Metaspace       used 64802K, committed 65536K, reserved 1114112K
  class space    used 8409K, committed 8704K, reserved 1048576K
}
Event: 7019.673 GC heap before
{Heap before GC invocations=717 (full 686):
 garbage-first heap   total 143360K, used 42302K [0x00000000c0000000, 0x0000000100000000)
  region size 1024K, 1 young (1024K), 0 survivors (0K)
 Metaspace       used 64802K, committed 65536K, reserved 1114112K
  class space    used 8409K, committed 8704K, reserved 1048576K
}
Event: 7019.704 GC heap after
{Heap after GC invocations=718 (full 687):
 garbage-first heap   total 143360K, used 42302K [0x00000000c0000000, 0x0000000100000000)
  region size 1024K, 0 young (0K), 0 survivors (0K)
 Metaspace       used 64802K, committed 65536K, reserved 1114112K
  class space    used 8409K, committed 8704K, reserved 1048576K
}
Event: 7029.813 GC heap before
{Heap before GC invocations=718 (full 687):
 garbage-first heap   total 143360K, used 42302K [0x00000000c0000000, 0x0000000100000000)
  region size 1024K, 1 young (1024K), 0 survivors (0K)
 Metaspace       used 64802K, committed 65536K, reserved 1114112K
  class space    used 8409K, committed 8704K, reserved 1048576K
}
Event: 7029.844 GC heap after
{Heap after GC invocations=719 (full 688):
 garbage-first heap   total 143360K, used 42302K [0x00000000c0000000, 0x0000000100000000)
  region size 1024K, 0 young (0K), 0 survivors (0K)
 Metaspace       used 64802K, committed 65536K, reserved 1114112K
  class space    used 8409K, committed 8704K, reserved 1048576K
}
Event: 7039.958 GC heap before
{Heap before GC invocations=719 (full 688):
 garbage-first heap   total 143360K, used 42302K [0x00000000c0000000, 0x0000000100000000)
  region size 1024K, 1 young (1024K), 0 survivors (0K)
 Metaspace       used 64802K, committed 65536K, reserved 1114112K
  class space    used 8409K, committed 8704K, reserved 1048576K
}
Event: 7039.989 GC heap after
{Heap after GC invocations=720 (full 689):
 garbage-first heap   total 143360K, used 42302K [0x00000000c0000000, 0x0000000100000000)
  region size 1024K, 0 young (0K), 0 survivors (0K)
 Metaspace       used 64802K, committed 65536K, reserved 1114112K
  class space    used 8409K, committed 8704K, reserved 1048576K
}
Event: 7050.142 GC heap before
{Heap before GC invocations=720 (full 689):
 garbage-first heap   total 143360K, used 42302K [0x00000000c0000000, 0x0000000100000000)
  region size 1024K, 1 young (1024K), 0 survivors (0K)
 Metaspace       used 64802K, committed 65536K, reserved 1114112K
  class space    used 8409K, committed 8704K, reserved 1048576K
}
Event: 7050.172 GC heap after
{Heap after GC invocations=721 (full 690):
 garbage-first heap   total 143360K, used 42302K [0x00000000c0000000, 0x0000000100000000)
  region size 1024K, 0 young (0K), 0 survivors (0K)
 Metaspace       used 64802K, committed 65536K, reserved 1114112K
  class space    used 8409K, committed 8704K, reserved 1048576K
}
Event: 7060.275 GC heap before
{Heap before GC invocations=721 (full 690):
 garbage-first heap   total 143360K, used 42302K [0x00000000c0000000, 0x0000000100000000)
  region size 1024K, 1 young (1024K), 0 survivors (0K)
 Metaspace       used 64802K, committed 65536K, reserved 1114112K
  class space    used 8409K, committed 8704K, reserved 1048576K
}
Event: 7060.307 GC heap after
{Heap after GC invocations=722 (full 691):
 garbage-first heap   total 143360K, used 42302K [0x00000000c0000000, 0x0000000100000000)
  region size 1024K, 0 young (0K), 0 survivors (0K)
 Metaspace       used 64802K, committed 65536K, reserved 1114112K
  class space    used 8409K, committed 8704K, reserved 1048576K
}
Event: 7070.411 GC heap before
{Heap before GC invocations=722 (full 691):
 garbage-first heap   total 143360K, used 42302K [0x00000000c0000000, 0x0000000100000000)
  region size 1024K, 1 young (1024K), 0 survivors (0K)
 Metaspace       used 64802K, committed 65536K, reserved 1114112K
  class space    used 8409K, committed 8704K, reserved 1048576K
}
Event: 7070.442 GC heap after
{Heap after GC invocations=723 (full 692):
 garbage-first heap   total 143360K, used 42302K [0x00000000c0000000, 0x0000000100000000)
  region size 1024K, 0 young (0K), 0 survivors (0K)
 Metaspace       used 64802K, committed 65536K, reserved 1114112K
  class space    used 8409K, committed 8704K, reserved 1048576K
}
Event: 7080.543 GC heap before
{Heap before GC invocations=723 (full 692):
 garbage-first heap   total 143360K, used 42302K [0x00000000c0000000, 0x0000000100000000)
  region size 1024K, 1 young (1024K), 0 survivors (0K)
 Metaspace       used 64802K, committed 65536K, reserved 1114112K
  class space    used 8409K, committed 8704K, reserved 1048576K
}
Event: 7080.578 GC heap after
{Heap after GC invocations=724 (full 693):
 garbage-first heap   total 143360K, used 42302K [0x00000000c0000000, 0x0000000100000000)
  region size 1024K, 0 young (0K), 0 survivors (0K)
 Metaspace       used 64802K, committed 65536K, reserved 1114112K
  class space    used 8409K, committed 8704K, reserved 1048576K
}
Event: 7090.683 GC heap before
{Heap before GC invocations=724 (full 693):
 garbage-first heap   total 143360K, used 42302K [0x00000000c0000000, 0x0000000100000000)
  region size 1024K, 1 young (1024K), 0 survivors (0K)
 Metaspace       used 64802K, committed 65536K, reserved 1114112K
  class space    used 8409K, committed 8704K, reserved 1048576K
}
Event: 7090.716 GC heap after
{Heap after GC invocations=725 (full 694):
 garbage-first heap   total 143360K, used 42302K [0x00000000c0000000, 0x0000000100000000)
  region size 1024K, 0 young (0K), 0 survivors (0K)
 Metaspace       used 64802K, committed 65536K, reserved 1114112K
  class space    used 8409K, committed 8704K, reserved 1048576K
}
Event: 7100.820 GC heap before
{Heap before GC invocations=725 (full 694):
 garbage-first heap   total 143360K, used 42302K [0x00000000c0000000, 0x0000000100000000)
  region size 1024K, 1 young (1024K), 0 survivors (0K)
 Metaspace       used 64802K, committed 65536K, reserved 1114112K
  class space    used 8409K, committed 8704K, reserved 1048576K
}
Event: 7100.855 GC heap after
{Heap after GC invocations=726 (full 695):
 garbage-first heap   total 143360K, used 42302K [0x00000000c0000000, 0x0000000100000000)
  region size 1024K, 0 young (0K), 0 survivors (0K)
 Metaspace       used 64802K, committed 65536K, reserved 1114112K
  class space    used 8409K, committed 8704K, reserved 1048576K
}

Dll operation events (10 events):
Event: 0.007 Loaded shared library c:\Users\Admin\.vscode\extensions\redhat.java-1.32.0-win32-x64\jre\17.0.11-win32-x86_64\bin\java.dll
Event: 0.325 Loaded shared library C:\Users\Admin\.vscode\extensions\redhat.java-1.32.0-win32-x64\jre\17.0.11-win32-x86_64\bin\net.dll
Event: 0.327 Loaded shared library C:\Users\Admin\.vscode\extensions\redhat.java-1.32.0-win32-x64\jre\17.0.11-win32-x86_64\bin\nio.dll
Event: 0.852 Loaded shared library C:\Users\Admin\.vscode\extensions\redhat.java-1.32.0-win32-x64\jre\17.0.11-win32-x86_64\bin\zip.dll
Event: 9.598 Loaded shared library C:\Users\Admin\.vscode\extensions\redhat.java-1.32.0-win32-x64\jre\17.0.11-win32-x86_64\bin\jimage.dll
Event: 11.360 Loaded shared library c:\Users\Admin\.vscode\extensions\redhat.java-1.32.0-win32-x64\jre\17.0.11-win32-x86_64\bin\verify.dll
Event: 16.391 Loaded shared library C:\Users\Admin\.vscode\extensions\redhat.java-1.32.0-win32-x64\jre\17.0.11-win32-x86_64\bin\management.dll
Event: 16.393 Loaded shared library C:\Users\Admin\.vscode\extensions\redhat.java-1.32.0-win32-x64\jre\17.0.11-win32-x86_64\bin\management_ext.dll
Event: 17.629 Loaded shared library C:\Users\Admin\.vscode\extensions\redhat.java-1.32.0-win32-x64\jre\17.0.11-win32-x86_64\bin\sunmscapi.dll
Event: 17.908 Loaded shared library C:\Users\Admin\.vscode\extensions\redhat.java-1.32.0-win32-x64\jre\17.0.11-win32-x86_64\bin\extnet.dll

Deoptimization events (18 events):
Event: 16.914 Thread 0x000001cd57a34370 DEOPT PACKING pc=0x000001cd4ad20181 sp=0x0000008d454fdf30
Event: 16.914 Thread 0x000001cd57a34370 DEOPT UNPACKING pc=0x000001cd4a83ace3 sp=0x0000008d454fd3c0 mode 3
Event: 16.935 Thread 0x000001cd57f7f050 DEOPT PACKING pc=0x000001cd4ad00d17 sp=0x0000008d459fee20
Event: 16.935 Thread 0x000001cd57f7f050 DEOPT UNPACKING pc=0x000001cd4a83ace3 sp=0x0000008d459fe278 mode 3
Event: 17.698 Thread 0x000001cd57f7ff80 DEOPT PACKING pc=0x000001cd4a96710c sp=0x0000008d45cfa7f0
Event: 17.698 Thread 0x000001cd57f7ff80 DEOPT UNPACKING pc=0x000001cd4a83ace3 sp=0x0000008d45cf9cb8 mode 0
Event: 19.709 Thread 0x000001cd57f7f050 DEOPT PACKING pc=0x000001cd4acf9852 sp=0x0000008d459fd6a0
Event: 19.709 Thread 0x000001cd57f7f050 DEOPT UNPACKING pc=0x000001cd4a83ace3 sp=0x0000008d459fcba8 mode 3
Event: 19.838 Thread 0x000001cd57f7f050 DEOPT PACKING pc=0x000001cd4ac42ac5 sp=0x0000008d459fe060
Event: 19.838 Thread 0x000001cd57f7f050 DEOPT UNPACKING pc=0x000001cd4a83ace3 sp=0x0000008d459fd5a8 mode 3
Event: 21.310 Thread 0x000001cd57f7f050 DEOPT PACKING pc=0x000001cd4b16c4a6 sp=0x0000008d459fe370
Event: 21.310 Thread 0x000001cd57f7f050 DEOPT UNPACKING pc=0x000001cd4a83ace3 sp=0x0000008d459fd908 mode 0
Event: 21.612 Thread 0x000001cd57f7f050 DEOPT PACKING pc=0x000001cd4b32288c sp=0x0000008d459fe1b0
Event: 21.612 Thread 0x000001cd57f7f050 DEOPT UNPACKING pc=0x000001cd4a83ace3 sp=0x0000008d459fd730 mode 0
Event: 21.612 Thread 0x000001cd57f7f050 DEOPT PACKING pc=0x000001cd4b32288c sp=0x0000008d459fe410
Event: 21.612 Thread 0x000001cd57f7f050 DEOPT UNPACKING pc=0x000001cd4a83ace3 sp=0x0000008d459fd990 mode 0
Event: 21.620 Thread 0x000001cd57f7f050 DEOPT PACKING pc=0x000001cd4b32288c sp=0x0000008d459fe890
Event: 21.620 Thread 0x000001cd57f7f050 DEOPT UNPACKING pc=0x000001cd4a83ace3 sp=0x0000008d459fde10 mode 0

Classes unloaded (20 events):
Event: 127.661 Thread 0x000001cd5286a6a0 Unloading class 0x0000000100268000 'java/lang/invoke/LambdaForm$MH+0x0000000100268000'
Event: 127.661 Thread 0x000001cd5286a6a0 Unloading class 0x0000000100096000 'java/lang/invoke/LambdaForm$MH+0x0000000100096000'
Event: 127.661 Thread 0x000001cd5286a6a0 Unloading class 0x0000000100095c00 'java/lang/invoke/LambdaForm$MH+0x0000000100095c00'
Event: 127.661 Thread 0x000001cd5286a6a0 Unloading class 0x0000000100095800 'java/lang/invoke/LambdaForm$MH+0x0000000100095800'
Event: 127.661 Thread 0x000001cd5286a6a0 Unloading class 0x0000000100095400 'java/lang/invoke/LambdaForm$MH+0x0000000100095400'
Event: 127.661 Thread 0x000001cd5286a6a0 Unloading class 0x0000000100095000 'java/lang/invoke/LambdaForm$MH+0x0000000100095000'
Event: 127.661 Thread 0x000001cd5286a6a0 Unloading class 0x0000000100094c00 'java/lang/invoke/LambdaForm$MH+0x0000000100094c00'
Event: 127.661 Thread 0x000001cd5286a6a0 Unloading class 0x0000000100094800 'java/lang/invoke/LambdaForm$MH+0x0000000100094800'
Event: 127.661 Thread 0x000001cd5286a6a0 Unloading class 0x0000000100094400 'java/lang/invoke/LambdaForm$MH+0x0000000100094400'
Event: 127.661 Thread 0x000001cd5286a6a0 Unloading class 0x000000010008e800 'java/lang/invoke/LambdaForm$MH+0x000000010008e800'
Event: 127.661 Thread 0x000001cd5286a6a0 Unloading class 0x000000010008e400 'java/lang/invoke/LambdaForm$MH+0x000000010008e400'
Event: 127.661 Thread 0x000001cd5286a6a0 Unloading class 0x000000010008e000 'java/lang/invoke/LambdaForm$MH+0x000000010008e000'
Event: 127.661 Thread 0x000001cd5286a6a0 Unloading class 0x000000010008dc00 'java/lang/invoke/LambdaForm$MH+0x000000010008dc00'
Event: 127.661 Thread 0x000001cd5286a6a0 Unloading class 0x000000010008d800 'java/lang/invoke/LambdaForm$MH+0x000000010008d800'
Event: 127.661 Thread 0x000001cd5286a6a0 Unloading class 0x000000010008d400 'java/lang/invoke/LambdaForm$MH+0x000000010008d400'
Event: 127.661 Thread 0x000001cd5286a6a0 Unloading class 0x000000010008cc00 'java/lang/invoke/LambdaForm$MH+0x000000010008cc00'
Event: 127.661 Thread 0x000001cd5286a6a0 Unloading class 0x000000010008c800 'java/lang/invoke/LambdaForm$MH+0x000000010008c800'
Event: 127.661 Thread 0x000001cd5286a6a0 Unloading class 0x000000010008c000 'java/lang/invoke/LambdaForm$MH+0x000000010008c000'
Event: 127.661 Thread 0x000001cd5286a6a0 Unloading class 0x000000010008bc00 'java/lang/invoke/LambdaForm$MH+0x000000010008bc00'
Event: 127.661 Thread 0x000001cd5286a6a0 Unloading class 0x0000000100088400 'java/lang/invoke/LambdaForm$MH+0x0000000100088400'

Classes redefined (0 events):
No events

Internal exceptions (20 events):
Event: 17.562 Thread 0x000001cd57f7ff80 Exception <a 'java/lang/NoSuchMethodError'{0x00000000c3236318}: 'java.lang.Object java.lang.invoke.DirectMethodHandle$Holder.newInvokeSpecial(java.lang.Object, java.lang.Object, int)'> (0x00000000c3236318) 
thrown [s\src\hotspot\share\interpreter\linkResolver.cpp, line 759]
Event: 17.693 Thread 0x000001cd57f7ff80 Exception <a 'sun/nio/fs/WindowsException'{0x00000000c3dd1d50}> (0x00000000c3dd1d50) 
thrown [s\src\hotspot\share\prims\jni.cpp, line 516]
Event: 18.863 Thread 0x000001cd57f7f050 Exception <a 'java/lang/IncompatibleClassChangeError'{0x00000000c7b3b940}: Found class java.lang.Object, but interface was expected> (0x00000000c7b3b940) 
thrown [s\src\hotspot\share\interpreter\linkResolver.cpp, line 826]
Event: 18.992 Thread 0x000001cd57f7f050 Exception <a 'java/lang/NoSuchMethodError'{0x00000000c3e1b968}: 'int java.lang.invoke.DirectMethodHandle$Holder.invokeSpecialIFC(java.lang.Object, java.lang.Object, java.lang.Object)'> (0x00000000c3e1b968) 
thrown [s\src\hotspot\share\interpreter\linkResolver.cpp, line 759]
Event: 21.488 Thread 0x000001cd57f7f050 Exception <a 'java/lang/NoSuchMethodError'{0x00000000c6fbdb28}: 'int java.lang.invoke.DirectMethodHandle$Holder.invokeStatic(java.lang.Object, int, java.lang.Object)'> (0x00000000c6fbdb28) 
thrown [s\src\hotspot\share\interpreter\linkResolver.cpp, line 759]
Event: 21.661 Thread 0x000001cd57f7f050 Exception <a 'sun/nio/fs/WindowsException'{0x00000000c659a420}> (0x00000000c659a420) 
thrown [s\src\hotspot\share\prims\jni.cpp, line 516]
Event: 21.661 Thread 0x000001cd57f7f050 Exception <a 'sun/nio/fs/WindowsException'{0x00000000c659afe0}> (0x00000000c659afe0) 
thrown [s\src\hotspot\share\prims\jni.cpp, line 516]
Event: 21.661 Thread 0x000001cd57f7f050 Exception <a 'sun/nio/fs/WindowsException'{0x00000000c659bb60}> (0x00000000c659bb60) 
thrown [s\src\hotspot\share\prims\jni.cpp, line 516]
Event: 21.661 Thread 0x000001cd57f7f050 Exception <a 'sun/nio/fs/WindowsException'{0x00000000c659c7d8}> (0x00000000c659c7d8) 
thrown [s\src\hotspot\share\prims\jni.cpp, line 516]
Event: 21.661 Thread 0x000001cd57f7f050 Exception <a 'sun/nio/fs/WindowsException'{0x00000000c659d4a0}> (0x00000000c659d4a0) 
thrown [s\src\hotspot\share\prims\jni.cpp, line 516]
Event: 21.662 Thread 0x000001cd57f7f050 Exception <a 'sun/nio/fs/WindowsException'{0x00000000c65a4788}> (0x00000000c65a4788) 
thrown [s\src\hotspot\share\prims\jni.cpp, line 516]
Event: 21.663 Thread 0x000001cd57f7f050 Exception <a 'sun/nio/fs/WindowsException'{0x00000000c65a5348}> (0x00000000c65a5348) 
thrown [s\src\hotspot\share\prims\jni.cpp, line 516]
Event: 21.663 Thread 0x000001cd57f7f050 Exception <a 'sun/nio/fs/WindowsException'{0x00000000c65a5ec8}> (0x00000000c65a5ec8) 
thrown [s\src\hotspot\share\prims\jni.cpp, line 516]
Event: 21.663 Thread 0x000001cd57f7f050 Exception <a 'sun/nio/fs/WindowsException'{0x00000000c65a6b40}> (0x00000000c65a6b40) 
thrown [s\src\hotspot\share\prims\jni.cpp, line 516]
Event: 21.663 Thread 0x000001cd57f7f050 Exception <a 'sun/nio/fs/WindowsException'{0x00000000c65a7808}> (0x00000000c65a7808) 
thrown [s\src\hotspot\share\prims\jni.cpp, line 516]
Event: 56.412 Thread 0x000001cd58260fc0 Exception <a 'java/lang/NoSuchMethodError'{0x00000000c6402c90}: 'void java.lang.invoke.DirectMethodHandle$Holder.invokeStatic(java.lang.Object, long)'> (0x00000000c6402c90) 
thrown [s\src\hotspot\share\interpreter\linkResolver.cpp, line 759]
Event: 56.412 Thread 0x000001cd58260fc0 Exception <a 'java/lang/NoSuchMethodError'{0x00000000c6408040}: 'java.lang.Object java.lang.invoke.DirectMethodHandle$Holder.newInvokeSpecial(java.lang.Object, long)'> (0x00000000c6408040) 
thrown [s\src\hotspot\share\interpreter\linkResolver.cpp, line 759]
Event: 319.629 Thread 0x000001cd57f813c0 Exception <a 'java/io/IOException'{0x00000000c8fc65b8}> (0x00000000c8fc65b8) 
thrown [s\src\hotspot\share\prims\jni.cpp, line 516]
Event: 320.067 Thread 0x000001cd57f818d0 Exception <a 'java/io/IOException'{0x00000000c8fd4568}> (0x00000000c8fd4568) 
thrown [s\src\hotspot\share\prims\jni.cpp, line 516]
Event: 321.180 Thread 0x000001cd57f81de0 Exception <a 'java/io/IOException'{0x00000000c8f2cfd8}> (0x00000000c8f2cfd8) 
thrown [s\src\hotspot\share\prims\jni.cpp, line 516]

VM Operations (20 events):
Event: 7009.572 Executing VM operation: G1CollectFull done
Event: 7019.673 Executing VM operation: G1CollectFull
Event: 7019.704 Executing VM operation: G1CollectFull done
Event: 7029.813 Executing VM operation: G1CollectFull
Event: 7029.844 Executing VM operation: G1CollectFull done
Event: 7039.958 Executing VM operation: G1CollectFull
Event: 7039.989 Executing VM operation: G1CollectFull done
Event: 7050.141 Executing VM operation: G1CollectFull
Event: 7050.172 Executing VM operation: G1CollectFull done
Event: 7060.274 Executing VM operation: G1CollectFull
Event: 7060.307 Executing VM operation: G1CollectFull done
Event: 7070.411 Executing VM operation: G1CollectFull
Event: 7070.442 Executing VM operation: G1CollectFull done
Event: 7080.543 Executing VM operation: G1CollectFull
Event: 7080.578 Executing VM operation: G1CollectFull done
Event: 7090.683 Executing VM operation: G1CollectFull
Event: 7090.716 Executing VM operation: G1CollectFull done
Event: 7100.820 Executing VM operation: G1CollectFull
Event: 7100.855 Executing VM operation: G1CollectFull done
Event: 7110.891 Executing VM operation: G1CollectFull

Events (20 events):
Event: 319.626 loading class sun/nio/ch/SocketOptionRegistry$LazyInitialization done
Event: 319.626 loading class sun/nio/ch/OptionKey
Event: 319.626 loading class sun/nio/ch/OptionKey done
Event: 319.626 loading class sun/nio/ch/ExtendedSocketOption
Event: 319.626 loading class sun/nio/ch/ExtendedSocketOption done
Event: 319.626 loading class sun/nio/ch/ExtendedSocketOption$1
Event: 319.626 loading class sun/nio/ch/ExtendedSocketOption$1 done
Event: 319.626 loading class sun/security/ssl/Alert
Event: 319.627 loading class sun/security/ssl/Alert done
Event: 319.627 loading class sun/security/ssl/Alert$AlertConsumer
Event: 319.627 loading class sun/security/ssl/Alert$AlertConsumer done
Event: 319.627 loading class sun/security/ssl/Alert$Level
Event: 319.627 loading class sun/security/ssl/Alert$Level done
Event: 319.629 loading class sun/net/ConnectionResetException
Event: 319.629 loading class sun/net/ConnectionResetException done
Event: 379.629 Thread 0x000001cd57f822f0 Thread exited: 0x000001cd57f822f0
Event: 380.079 Thread 0x000001cd59141bc0 Thread exited: 0x000001cd59141bc0
Event: 380.079 Thread 0x000001cd57f818d0 Thread exited: 0x000001cd57f818d0
Event: 381.181 Thread 0x000001cd57f813c0 Thread exited: 0x000001cd57f813c0
Event: 381.181 Thread 0x000001cd57f81de0 Thread exited: 0x000001cd57f81de0


Dynamic libraries:
0x00007ff621160000 - 0x00007ff62116e000 	c:\Users\Admin\.vscode\extensions\redhat.java-1.32.0-win32-x64\jre\17.0.11-win32-x86_64\bin\java.exe
0x00007fffd5af0000 - 0x00007fffd5ce8000 	C:\Windows\SYSTEM32\ntdll.dll
0x00007fffd5220000 - 0x00007fffd52e1000 	C:\Windows\System32\KERNEL32.DLL
0x00007fffd3520000 - 0x00007fffd3816000 	C:\Windows\System32\KERNELBASE.dll
0x00007fffd39f0000 - 0x00007fffd3af0000 	C:\Windows\System32\ucrtbase.dll
0x00007fffc6130000 - 0x00007fffc6147000 	c:\Users\Admin\.vscode\extensions\redhat.java-1.32.0-win32-x64\jre\17.0.11-win32-x86_64\bin\jli.dll
0x00007fffc59c0000 - 0x00007fffc59db000 	c:\Users\Admin\.vscode\extensions\redhat.java-1.32.0-win32-x64\jre\17.0.11-win32-x86_64\bin\VCRUNTIME140.dll
0x00007fffd5860000 - 0x00007fffd59ff000 	C:\Windows\System32\USER32.dll
0x00007fffd3950000 - 0x00007fffd3972000 	C:\Windows\System32\win32u.dll
0x00007fffd5630000 - 0x00007fffd565b000 	C:\Windows\System32\GDI32.dll
0x00007fffc08e0000 - 0x00007fffc0b7a000 	C:\Windows\WinSxS\amd64_microsoft.windows.common-controls_6595b64144ccf1df_6.0.19041.4355_none_60b8b9eb71f62e16\COMCTL32.dll
0x00007fffd31f0000 - 0x00007fffd3307000 	C:\Windows\System32\gdi32full.dll
0x00007fffd4900000 - 0x00007fffd499e000 	C:\Windows\System32\msvcrt.dll
0x00007fffd38b0000 - 0x00007fffd394d000 	C:\Windows\System32\msvcp_win.dll
0x00007fffd4a70000 - 0x00007fffd4a9f000 	C:\Windows\System32\IMM32.DLL
0x00007fffc5970000 - 0x00007fffc597c000 	c:\Users\Admin\.vscode\extensions\redhat.java-1.32.0-win32-x64\jre\17.0.11-win32-x86_64\bin\vcruntime140_1.dll
0x00007fffa22b0000 - 0x00007fffa233d000 	c:\Users\Admin\.vscode\extensions\redhat.java-1.32.0-win32-x64\jre\17.0.11-win32-x86_64\bin\msvcp140.dll
0x00007fff54630000 - 0x00007fff55292000 	c:\Users\Admin\.vscode\extensions\redhat.java-1.32.0-win32-x64\jre\17.0.11-win32-x86_64\bin\server\jvm.dll
0x00007fffd44f0000 - 0x00007fffd45a0000 	C:\Windows\System32\ADVAPI32.dll
0x00007fffd5590000 - 0x00007fffd5630000 	C:\Windows\System32\sechost.dll
0x00007fffd5730000 - 0x00007fffd5853000 	C:\Windows\System32\RPCRT4.dll
0x00007fffd3af0000 - 0x00007fffd3b17000 	C:\Windows\System32\bcrypt.dll
0x00007fffd2ed0000 - 0x00007fffd2f1b000 	C:\Windows\SYSTEM32\POWRPROF.dll
0x00007fffcd4c0000 - 0x00007fffcd4c9000 	C:\Windows\SYSTEM32\WSOCK32.dll
0x00007fffd4a00000 - 0x00007fffd4a6b000 	C:\Windows\System32\WS2_32.dll
0x00007fffbb320000 - 0x00007fffbb347000 	C:\Windows\SYSTEM32\WINMM.dll
0x00007fffcc390000 - 0x00007fffcc39a000 	C:\Windows\SYSTEM32\VERSION.dll
0x00007fffd2eb0000 - 0x00007fffd2ec2000 	C:\Windows\SYSTEM32\UMPDC.dll
0x00007fffd19b0000 - 0x00007fffd19c2000 	C:\Windows\SYSTEM32\kernel.appcore.dll
0x00007fffc1310000 - 0x00007fffc131a000 	c:\Users\Admin\.vscode\extensions\redhat.java-1.32.0-win32-x64\jre\17.0.11-win32-x86_64\bin\jimage.dll
0x00007fffd0db0000 - 0x00007fffd0f94000 	C:\Windows\SYSTEM32\DBGHELP.DLL
0x00007fffb9f40000 - 0x00007fffb9f74000 	C:\Windows\SYSTEM32\dbgcore.DLL
0x00007fffd3820000 - 0x00007fffd38a2000 	C:\Windows\System32\bcryptPrimitives.dll
0x00007fffb5860000 - 0x00007fffb5885000 	c:\Users\Admin\.vscode\extensions\redhat.java-1.32.0-win32-x64\jre\17.0.11-win32-x86_64\bin\java.dll
0x00007fffbff40000 - 0x00007fffbff58000 	c:\Users\Admin\.vscode\extensions\redhat.java-1.32.0-win32-x64\jre\17.0.11-win32-x86_64\bin\zip.dll
0x00007fffd4aa0000 - 0x00007fffd520c000 	C:\Windows\System32\SHELL32.dll
0x00007fffd1200000 - 0x00007fffd199e000 	C:\Windows\SYSTEM32\windows.storage.dll
0x00007fffd45a0000 - 0x00007fffd48f3000 	C:\Windows\System32\combase.dll
0x00007fffd2b50000 - 0x00007fffd2b7e000 	C:\Windows\SYSTEM32\Wldp.dll
0x00007fffd3d50000 - 0x00007fffd3e1d000 	C:\Windows\System32\OLEAUT32.dll
0x00007fffd5a00000 - 0x00007fffd5aad000 	C:\Windows\System32\SHCORE.dll
0x00007fffd3e20000 - 0x00007fffd3e75000 	C:\Windows\System32\shlwapi.dll
0x00007fffd30d0000 - 0x00007fffd30f4000 	C:\Windows\SYSTEM32\profapi.dll
0x00007fffbfac0000 - 0x00007fffbfad9000 	C:\Users\Admin\.vscode\extensions\redhat.java-1.32.0-win32-x64\jre\17.0.11-win32-x86_64\bin\net.dll
0x00007fffc8e30000 - 0x00007fffc8f3a000 	C:\Windows\SYSTEM32\WINHTTP.dll
0x00007fffd2850000 - 0x00007fffd28ba000 	C:\Windows\system32\mswsock.dll
0x00007fffbf810000 - 0x00007fffbf826000 	C:\Users\Admin\.vscode\extensions\redhat.java-1.32.0-win32-x64\jre\17.0.11-win32-x86_64\bin\nio.dll
0x00007fffbf760000 - 0x00007fffbf770000 	c:\Users\Admin\.vscode\extensions\redhat.java-1.32.0-win32-x64\jre\17.0.11-win32-x86_64\bin\verify.dll
0x00007fffd2a50000 - 0x00007fffd2a68000 	C:\Windows\SYSTEM32\CRYPTSP.dll
0x00007fffd2170000 - 0x00007fffd21a4000 	C:\Windows\system32\rsaenh.dll
0x00007fffd3080000 - 0x00007fffd30ae000 	C:\Windows\SYSTEM32\USERENV.dll
0x00007fffd2a40000 - 0x00007fffd2a4c000 	C:\Windows\SYSTEM32\CRYPTBASE.dll
0x00007fffd2530000 - 0x00007fffd256b000 	C:\Windows\SYSTEM32\IPHLPAPI.DLL
0x00007fffd5700000 - 0x00007fffd5708000 	C:\Windows\System32\NSI.dll
0x00007fffc9f40000 - 0x00007fffc9f57000 	C:\Windows\SYSTEM32\dhcpcsvc6.DLL
0x00007fffca8d0000 - 0x00007fffca8ed000 	C:\Windows\SYSTEM32\dhcpcsvc.DLL
0x00007fffd2570000 - 0x00007fffd263a000 	C:\Windows\SYSTEM32\DNSAPI.dll
0x00007fffbe950000 - 0x00007fffbe959000 	C:\Users\Admin\.vscode\extensions\redhat.java-1.32.0-win32-x64\jre\17.0.11-win32-x86_64\bin\management.dll
0x00007fffbe940000 - 0x00007fffbe94b000 	C:\Users\Admin\.vscode\extensions\redhat.java-1.32.0-win32-x64\jre\17.0.11-win32-x86_64\bin\management_ext.dll
0x00007fffd5660000 - 0x00007fffd5668000 	C:\Windows\System32\PSAPI.DLL
0x00007fffbf100000 - 0x00007fffbf10e000 	C:\Users\Admin\.vscode\extensions\redhat.java-1.32.0-win32-x64\jre\17.0.11-win32-x86_64\bin\sunmscapi.dll
0x00007fffd33c0000 - 0x00007fffd351e000 	C:\Windows\System32\CRYPT32.dll
0x00007fffd2bc0000 - 0x00007fffd2be9000 	C:\Windows\SYSTEM32\ncrypt.dll
0x00007fffd2b80000 - 0x00007fffd2bbb000 	C:\Windows\SYSTEM32\NTASN1.dll
0x00007fffbf180000 - 0x00007fffbf18a000 	C:\Windows\System32\rasadhlp.dll
0x00007fffbf2b0000 - 0x00007fffbf330000 	C:\Windows\System32\fwpuclnt.dll
0x00007fffbf0f0000 - 0x00007fffbf0f9000 	C:\Users\Admin\.vscode\extensions\redhat.java-1.32.0-win32-x64\jre\17.0.11-win32-x86_64\bin\extnet.dll

dbghelp: loaded successfully - version: 4.0.5 - missing functions: none
symbol engine: initialized successfully - sym options: 0x614 - pdb path: .;c:\Users\Admin\.vscode\extensions\redhat.java-1.32.0-win32-x64\jre\17.0.11-win32-x86_64\bin;C:\Windows\SYSTEM32;C:\Windows\WinSxS\amd64_microsoft.windows.common-controls_6595b64144ccf1df_6.0.19041.4355_none_60b8b9eb71f62e16;c:\Users\Admin\.vscode\extensions\redhat.java-1.32.0-win32-x64\jre\17.0.11-win32-x86_64\bin\server

VM Arguments:
jvm_args: -Xmx1024m -Dsts.lsp.client=vscode -Dsts.log.file=/dev/null -XX:TieredStopAtLevel=1 -Xlog:jni+resolve=off -Dspring.config.location=file:c:\Users\Admin\.vscode\extensions\vmware.vscode-spring-boot-1.56.0\language-server\BOOT-INF\classes\application.properties 
java_command: org.springframework.ide.vscode.boot.app.BootLanguageServerBootApp
java_class_path (initial): c:\Users\Admin\.vscode\extensions\vmware.vscode-spring-boot-1.56.0\language-server\BOOT-INF\classes;c:\Users\Admin\.vscode\extensions\vmware.vscode-spring-boot-1.56.0\language-server\BOOT-INF\lib\annotations-24.1.0.jar;c:\Users\Admin\.vscode\extensions\vmware.vscode-spring-boot-1.56.0\language-server\BOOT-INF\lib\antlr4-runtime-4.13.1.jar;c:\Users\Admin\.vscode\extensions\vmware.vscode-spring-boot-1.56.0\language-server\BOOT-INF\lib\asm-9.7.jar;c:\Users\Admin\.vscode\extensions\vmware.vscode-spring-boot-1.56.0\language-server\BOOT-INF\lib\asm-analysis-9.7.jar;c:\Users\Admin\.vscode\extensions\vmware.vscode-spring-boot-1.56.0\language-server\BOOT-INF\lib\asm-tree-9.7.jar;c:\Users\Admin\.vscode\extensions\vmware.vscode-spring-boot-1.56.0\language-server\BOOT-INF\lib\asm-util-9.7.jar;c:\Users\Admin\.vscode\extensions\vmware.vscode-spring-boot-1.56.0\language-server\BOOT-INF\lib\caffeine-3.1.8.jar;c:\Users\Admin\.vscode\extensions\vmware.vscode-spring-boot-1.56.0\language-server\BOOT-INF\lib\checker-qual-3.12.0.jar;c:\Users\Admin\.vscode\extensions\vmware.vscode-spring-boot-1.56.0\language-server\BOOT-INF\lib\classgraph-4.8.149.jar;c:\Users\Admin\.vscode\extensions\vmware.vscode-spring-boot-1.56.0\language-server\BOOT-INF\lib\commons-codec-1.16.1.jar;c:\Users\Admin\.vscode\extensions\vmware.vscode-spring-boot-1.56.0\language-server\BOOT-INF\lib\commons-compress-1.26.2.jar;c:\Users\Admin\.vscode\extensions\vmware.vscode-spring-boot-1.56.0\language-server\BOOT-INF\lib\commons-io-2.16.1.jar;c:\Users\Admin\.vscode\extensions\vmware.vscode-spring-boot-1.56.0\language-server\BOOT-INF\lib\commons-java-1.56.0-SNAPSHOT.jar;c:\Users\Admin\.vscode\extensions\vmware.vscode-spring-boot-1.56.0\language-server\BOOT-INF\lib\commons-lang3-3.14.0.jar;c:\Users\Admin\.vscode\extensions\vmware.vscode-spring-boot-1.56.0\language-server\BOOT-INF\lib\commons-language-server-1.56.0-SNAPSHOT.jar;c:\Users\Admin\.vscode\extensions\vmware.vscode-spring-boot-1.56.0\langu
Launcher Type: SUN_STANDARD

[Global flags]
     intx CICompilerCount                          = 3                                         {product} {ergonomic}
     uint ConcGCThreads                            = 1                                         {product} {ergonomic}
     uint G1ConcRefinementThreads                  = 4                                         {product} {ergonomic}
   size_t G1HeapRegionSize                         = 1048576                                   {product} {ergonomic}
    uintx GCDrainStackTargetSize                   = 64                                        {product} {ergonomic}
   size_t InitialHeapSize                          = 130023424                                 {product} {ergonomic}
   size_t MarkStackSize                            = 4194304                                   {product} {ergonomic}
   size_t MaxHeapSize                              = 1073741824                                {product} {command line}
   size_t MaxNewSize                               = 643825664                                 {product} {ergonomic}
   size_t MinHeapDeltaBytes                        = 1048576                                   {product} {ergonomic}
   size_t MinHeapSize                              = 8388608                                   {product} {ergonomic}
    uintx NonProfiledCodeHeapSize                  = 0                                      {pd product} {ergonomic}
     bool ProfileInterpreter                       = false                                  {pd product} {command line}
    uintx ProfiledCodeHeapSize                     = 0                                      {pd product} {ergonomic}
   size_t SoftMaxHeapSize                          = 1073741824                             {manageable} {ergonomic}
     intx TieredStopAtLevel                        = 1                                         {product} {command line}
     bool UseCompressedClassPointers               = true                           {product lp64_product} {ergonomic}
     bool UseCompressedOops                        = true                           {product lp64_product} {ergonomic}
     bool UseG1GC                                  = true                                      {product} {ergonomic}
     bool UseLargePagesIndividualAllocation        = false                                  {pd product} {ergonomic}

Logging:
Log output configuration:
 #0: stdout all=warning,jni+resolve=off uptime,level,tags
 #1: stderr all=off uptime,level,tags

Environment Variables:
PATH=C:\ProgramData\Oracle\Java\javapath;C:\Program Files\Java\jdk-17\bin;C:\Program Files\Common Files\Oracle\Java\javapath;C:\Windows\system32;C:\Windows;C:\Windows\System32\Wbem;C:\Windows\System32\WindowsPowerShell\v1.0\;C:\Windows\System32\OpenSSH\;C:\Program Files (x86)\nodejs\;C:\Program Files\Git\cmd;C:\Program Files (x86)\Microsoft SQL Server\160\DTS\Binn\;C:\Program Files\Azure Data Studio\bin;C:\Program Files (x86)\Microsoft SQL Server\160\Tools\Binn\;C:\Program Files\Microsoft SQL Server\160\Tools\Binn\;C:\Program Files\Microsoft SQL Server\Client SDK\ODBC\170\Tools\Binn\;C:\Program Files\Microsoft SQL Server\160\DTS\Binn\;C:\Program Files\Microsoft SQL Server\130\Tools\Binn\;C:\Program Files\MySQL\MySQL Shell 8.0\bin\;C:\Users\Admin\AppData\Local\Microsoft\WindowsApps;;C:\Users\Admin\AppData\Local\Programs\Microsoft VS Code\bin;C:\Users\Admin\AppData\Roaming\npm;C:\Program Files\Azure Data Studio\bin
USERNAME=Admin
OS=Windows_NT
PROCESSOR_IDENTIFIER=Intel64 Family 6 Model 126 Stepping 5, GenuineIntel
TMP=C:\Users\Admin\AppData\Local\Temp
TEMP=C:\Users\Admin\AppData\Local\Temp



Periodic native trim disabled


---------------  S Y S T E M  ---------------

OS:
 Windows 10 , 64 bit Build 19041 (10.0.19041.4597)
OS uptime: 6 days 11:54 hours

CPU: total 4 (initial active 4) (2 cores per cpu, 2 threads per core) family 6 model 126 stepping 5 microcode 0xa6, cx8, cmov, fxsr, ht, mmx, 3dnowpref, sse, sse2, sse3, ssse3, sse4.1, sse4.2, popcnt, lzcnt, tsc, tscinvbit, avx, avx2, aes, erms, clmul, bmi1, bmi2, adx, avx512f, avx512dq, avx512cd, avx512bw, avx512vl, sha, fma, vzeroupper, avx512_vpopcntdq, avx512_vpclmulqdq, avx512_vaes, avx512_vnni, clflush, clflushopt, avx512_vbmi2, avx512_vbmi
Processor Information for all 4 processors :
  Max Mhz: 1190, Current Mhz: 1190, Mhz Limit: 1190

Memory: 4k page, system-wide physical 7934M (625M free)
TotalPageFile size 23182M (AvailPageFile size 7M)
current process WorkingSet (physical memory assigned to process): 95M, peak: 295M
current process commit charge ("private bytes"): 312M, peak: 325M

vm_info: OpenJDK 64-Bit Server VM (17.0.11+9) for windows-amd64 JRE (17.0.11+9), built on Apr 17 2024 06:07:48 by "admin" with MS VC++ 16.10 / 16.11 (VS2019)

END.
