#
# There is insufficient memory for the Java Runtime Environment to continue.
# Native memory allocation (malloc) failed to allocate 1048576 bytes. Error detail: AllocateHeap
# Possible reasons:
#   The system is out of physical RAM or swap space
#   This process is running with CompressedOops enabled, and the Java Heap may be blocking the growth of the native heap
# Possible solutions:
#   Reduce memory load on the system
#   Increase physical memory or swap space
#   Check if swap backing store is full
#   Decrease Java heap size (-Xmx/-Xms)
#   Decrease number of Java threads
#   Decrease Java thread stack sizes (-Xss)
#   Set larger code cache with -XX:ReservedCodeCacheSize=
#   JVM is running with Unscaled Compressed Oops mode in which the Java heap is
#     placed in the first 4GB address space. The Java Heap base address is the
#     maximum limit for the native heap growth. Please use -XX:HeapBaseMinAddress
#     to set the Java Heap base and to place the Java Heap above 4GB virtual address.
# This output file may be truncated or incomplete.
#
#  Out of Memory Error (allocation.cpp:44), pid=9896, tid=16356
#
# JRE version: OpenJDK Runtime Environment Temurin-17.0.11+9 (17.0.11+9) (build 17.0.11+9)
# Java VM: OpenJDK 64-Bit Server VM Temurin-17.0.11+9 (17.0.11+9, mixed mode, emulated-client, tiered, compressed oops, compressed class ptrs, g1 gc, windows-amd64)
# No core dump will be written. Minidumps are not enabled by default on client versions of Windows
#

---------------  S U M M A R Y ------------

Command Line: -Xmx1024m -Dsts.lsp.client=vscode -Dsts.log.file=/dev/null -XX:TieredStopAtLevel=1 -Xlog:jni+resolve=off -Dspring.config.location=file:c:\Users\Admin\.vscode\extensions\vmware.vscode-spring-boot-1.55.1\language-server\BOOT-INF\classes\application.properties org.springframework.ide.vscode.boot.app.BootLanguageServerBootApp

Host: Intel(R) Core(TM) i3-1005G1 CPU @ 1.20GHz, 4 cores, 7G,  Windows 10 , 64 bit Build 19041 (10.0.19041.4597)
Time: Wed Jul 24 16:59:07 2024 Sri Lanka Standard Time elapsed time: 7401.920312 seconds (0d 2h 3m 21s)

---------------  T H R E A D  ---------------

Current thread (0x00000173fdb9ca60):  VMThread "VM Thread" [stack: 0x0000000c74200000,0x0000000c74300000] [id=16356]

Stack: [0x0000000c74200000,0x0000000c74300000]
Native frames: (J=compiled Java code, j=interpreted, Vv=VM code, C=native code)
V  [jvm.dll+0x67d429]
V  [jvm.dll+0x834b7a]
V  [jvm.dll+0x83663e]
V  [jvm.dll+0x836ca3]
V  [jvm.dll+0x247dbf]
V  [jvm.dll+0xa6cb3]
V  [jvm.dll+0x2f8ad3]
V  [jvm.dll+0x2f4750]
V  [jvm.dll+0x2dcf67]
V  [jvm.dll+0x31fb67]
V  [jvm.dll+0x83b19b]
V  [jvm.dll+0x83bed2]
V  [jvm.dll+0x83c3ed]
V  [jvm.dll+0x83c7c4]
V  [jvm.dll+0x83c890]
V  [jvm.dll+0x7e410a]
V  [jvm.dll+0x67c315]
C  [ucrtbase.dll+0x21bb2]
C  [KERNEL32.DLL+0x17374]
C  [ntdll.dll+0x4cc91]

VM_Operation (0x0000000c754fea70): G1CollectFull, mode: safepoint, requested by thread 0x00000173fef69720


---------------  P R O C E S S  ---------------

Threads class SMR info:
_java_thread_list=0x000001738c87f700, length=20, elements={
0x00000173fdbb5380, 0x00000173fdbb5f40, 0x00000173fdbe2e30, 0x00000173fdbe3900,
0x00000173fdbe43c0, 0x00000173fdbe7cb0, 0x00000173fdbe8630, 0x00000173fdbfa010,
0x00000173fdefbb30, 0x00000173fdefc2b0, 0x00000173fe88a020, 0x00000173fef69720,
0x00000173ff4a5490, 0x00000173f163ea10, 0x00000173fe6885e0, 0x00000173ff65a770,
0x00000173ff65c5f0, 0x00000173ff65da30, 0x00000173ff65d010, 0x00000173ff65aca0
}

Java Threads: ( => current thread )
  0x00000173fdbb5380 JavaThread "Reference Handler" daemon [_thread_blocked, id=19448, stack(0x0000000c74300000,0x0000000c74400000)]
  0x00000173fdbb5f40 JavaThread "Finalizer" daemon [_thread_blocked, id=9004, stack(0x0000000c74400000,0x0000000c74500000)]
  0x00000173fdbe2e30 JavaThread "Signal Dispatcher" daemon [_thread_blocked, id=16136, stack(0x0000000c74500000,0x0000000c74600000)]
  0x00000173fdbe3900 JavaThread "Attach Listener" daemon [_thread_blocked, id=6660, stack(0x0000000c74600000,0x0000000c74700000)]
  0x00000173fdbe43c0 JavaThread "Service Thread" daemon [_thread_blocked, id=14380, stack(0x0000000c74700000,0x0000000c74800000)]
  0x00000173fdbe7cb0 JavaThread "Monitor Deflation Thread" daemon [_thread_blocked, id=18272, stack(0x0000000c74800000,0x0000000c74900000)]
  0x00000173fdbe8630 JavaThread "C1 CompilerThread0" daemon [_thread_blocked, id=20444, stack(0x0000000c74900000,0x0000000c74a00000)]
  0x00000173fdbfa010 JavaThread "Sweeper thread" daemon [_thread_blocked, id=19216, stack(0x0000000c74a00000,0x0000000c74b00000)]
  0x00000173fdefbb30 JavaThread "Notification Thread" daemon [_thread_blocked, id=18872, stack(0x0000000c74b00000,0x0000000c74c00000)]
  0x00000173fdefc2b0 JavaThread "Common-Cleaner" daemon [_thread_blocked, id=2728, stack(0x0000000c74d00000,0x0000000c74e00000)]
  0x00000173fe88a020 JavaThread "boundedElastic-evictor-1" daemon [_thread_blocked, id=3468, stack(0x0000000c75200000,0x0000000c75300000)]
  0x00000173fef69720 JavaThread "pool-13-thread-1" [_thread_blocked, id=12828, stack(0x0000000c75400000,0x0000000c75500000)]
  0x00000173ff4a5490 JavaThread "LanguageServerApp-lifecycle" [_thread_blocked, id=19540, stack(0x0000000c75500000,0x0000000c75600000)]
  0x00000173f163ea10 JavaThread "DestroyJavaVM" [_thread_blocked, id=13228, stack(0x0000000c73c00000,0x0000000c73d00000)]
  0x00000173fe6885e0 JavaThread "pool-14-thread-1" [_thread_in_native, id=19132, stack(0x0000000c75600000,0x0000000c75700000)]
  0x00000173ff65a770 JavaThread "Simple-Language-Server main thread" daemon [_thread_blocked, id=18004, stack(0x0000000c75700000,0x0000000c75800000)]
  0x00000173ff65c5f0 JavaThread "parallel-1" daemon [_thread_blocked, id=16584, stack(0x0000000c75c00000,0x0000000c75d00000)]
  0x00000173ff65da30 JavaThread "pool-6-thread-1" [_thread_blocked, id=11832, stack(0x0000000c75d00000,0x0000000c75e00000)]
  0x00000173ff65d010 JavaThread "parallel-2" daemon [_thread_blocked, id=2952, stack(0x0000000c75e00000,0x0000000c75f00000)]
  0x00000173ff65aca0 JavaThread "CompletableFutureDelayScheduler" daemon [_thread_blocked, id=3252, stack(0x0000000c73a00000,0x0000000c73b00000)]

Other Threads:
=>0x00000173fdb9ca60 VMThread "VM Thread" [stack: 0x0000000c74200000,0x0000000c74300000] [id=16356]
  0x00000173fdefc010 WatcherThread [stack: 0x0000000c74c00000,0x0000000c74d00000] [id=7284]
  0x00000173f16c8ca0 GCTaskThread "GC Thread#0" [stack: 0x0000000c73d00000,0x0000000c73e00000] [id=3984]
  0x00000173fde42120 GCTaskThread "GC Thread#1" [stack: 0x0000000c74e00000,0x0000000c74f00000] [id=18948]
  0x00000173fde730d0 GCTaskThread "GC Thread#2" [stack: 0x0000000c74f00000,0x0000000c75000000] [id=19488]
  0x00000173fdd9a050 GCTaskThread "GC Thread#3" [stack: 0x0000000c75100000,0x0000000c75200000] [id=10308]
  0x00000173f16d1bf0 ConcurrentGCThread "G1 Main Marker" [stack: 0x0000000c73e00000,0x0000000c73f00000] [id=8552]
  0x00000173f16d2610 ConcurrentGCThread "G1 Conc#0" [stack: 0x0000000c73f00000,0x0000000c74000000] [id=12180]
  0x00000173f173ac50 ConcurrentGCThread "G1 Refine#0" [stack: 0x0000000c74000000,0x0000000c74100000] [id=17040]
  0x00000173f173d690 ConcurrentGCThread "G1 Service" [stack: 0x0000000c74100000,0x0000000c74200000] [id=11024]

Threads with active compile tasks:

VM state: at safepoint (normal execution)

VM Mutex/Monitor currently owned by a thread:  ([mutex/lock_event])
[0x00000173f157f650] Threads_lock - owner thread: 0x00000173fdb9ca60
[0x00000173f1689300] Heap_lock - owner thread: 0x00000173fef69720

Heap address: 0x00000000c0000000, size: 1024 MB, Compressed Oops mode: 32-bit

CDS archive(s) not mapped
Compressed class space mapped at: 0x0000000100000000-0x0000000140000000, reserved size: 1073741824
Narrow klass base: 0x0000000000000000, Narrow klass shift: 3, Narrow klass range: 0x140000000

GC Precious Log:
 CPUs: 4 total, 4 available
 Memory: 7934M
 Large Page Support: Disabled
 NUMA Support: Disabled
 Compressed Oops: Enabled (32-bit)
 Heap Region Size: 1M
 Heap Min Capacity: 8M
 Heap Initial Capacity: 124M
 Heap Max Capacity: 1G
 Pre-touch: Disabled
 Parallel Workers: 4
 Concurrent Workers: 1
 Concurrent Refinement Workers: 4
 Periodic GC: Disabled

Heap:
 garbage-first heap   total 129024K, used 39070K [0x00000000c0000000, 0x0000000100000000)
  region size 1024K, 1 young (1024K), 0 survivors (0K)
 Metaspace       used 63533K, committed 64000K, reserved 1114112K
  class space    used 8363K, committed 8576K, reserved 1048576K

Heap Regions: E=young(eden), S=young(survivor), O=old, HS=humongous(starts), HC=humongous(continues), CS=collection set, F=free, OA=open archive, CA=closed archive, TAMS=top-at-mark-start (previous, next)
|   0|0x00000000c0000000, 0x00000000c0100000, 0x00000000c0100000|100%|HS|  |TAMS 0x00000000c0100000, 0x00000000c0000000| Untracked 
|   1|0x00000000c0100000, 0x00000000c0200000, 0x00000000c0200000|100%|HC|  |TAMS 0x00000000c0200000, 0x00000000c0100000| Untracked 
|   2|0x00000000c0200000, 0x00000000c0300000, 0x00000000c0300000|100%|HC|  |TAMS 0x00000000c0300000, 0x00000000c0200000| Untracked 
|   3|0x00000000c0300000, 0x00000000c0400000, 0x00000000c0400000|100%|HC|  |TAMS 0x00000000c0400000, 0x00000000c0300000| Untracked 
|   4|0x00000000c0400000, 0x00000000c04fffe8, 0x00000000c0500000| 99%| O|  |TAMS 0x00000000c04fffe8, 0x00000000c0400000| Untracked 
|   5|0x00000000c0500000, 0x00000000c05ff810, 0x00000000c0600000| 99%| O|  |TAMS 0x00000000c05ff810, 0x00000000c0500000| Untracked 
|   6|0x00000000c0600000, 0x00000000c06f97b8, 0x00000000c0700000| 97%| O|  |TAMS 0x00000000c06f97b8, 0x00000000c0600000| Untracked 
|   7|0x00000000c0700000, 0x00000000c0800000, 0x00000000c0800000|100%| O|  |TAMS 0x00000000c0800000, 0x00000000c0700000| Untracked 
|   8|0x00000000c0800000, 0x00000000c0900000, 0x00000000c0900000|100%| O|  |TAMS 0x00000000c0900000, 0x00000000c0800000| Untracked 
|   9|0x00000000c0900000, 0x00000000c0a00000, 0x00000000c0a00000|100%| O|  |TAMS 0x00000000c0a00000, 0x00000000c0900000| Untracked 
|  10|0x00000000c0a00000, 0x00000000c0b00000, 0x00000000c0b00000|100%| O|  |TAMS 0x00000000c0b00000, 0x00000000c0a00000| Untracked 
|  11|0x00000000c0b00000, 0x00000000c0c00000, 0x00000000c0c00000|100%|HS|  |TAMS 0x00000000c0c00000, 0x00000000c0b00000| Untracked 
|  12|0x00000000c0c00000, 0x00000000c0d00000, 0x00000000c0d00000|100%|HC|  |TAMS 0x00000000c0d00000, 0x00000000c0c00000| Untracked 
|  13|0x00000000c0d00000, 0x00000000c0e00000, 0x00000000c0e00000|100%| O|  |TAMS 0x00000000c0e00000, 0x00000000c0d00000| Untracked 
|  14|0x00000000c0e00000, 0x00000000c0effff8, 0x00000000c0f00000| 99%| O|  |TAMS 0x00000000c0effff8, 0x00000000c0e00000| Untracked 
|  15|0x00000000c0f00000, 0x00000000c0fffff0, 0x00000000c1000000| 99%| O|  |TAMS 0x00000000c0fffff0, 0x00000000c0f00000| Untracked 
|  16|0x00000000c1000000, 0x00000000c10fffa8, 0x00000000c1100000| 99%| O|  |TAMS 0x00000000c10fffa8, 0x00000000c1000000| Untracked 
|  17|0x00000000c1100000, 0x00000000c11fffd0, 0x00000000c1200000| 99%| O|  |TAMS 0x00000000c11fffd0, 0x00000000c1100000| Untracked 
|  18|0x00000000c1200000, 0x00000000c12fffe8, 0x00000000c1300000| 99%| O|  |TAMS 0x00000000c12fffe8, 0x00000000c1200000| Untracked 
|  19|0x00000000c1300000, 0x00000000c13fffb0, 0x00000000c1400000| 99%| O|  |TAMS 0x00000000c13fffb0, 0x00000000c1300000| Untracked 
|  20|0x00000000c1400000, 0x00000000c14fffd8, 0x00000000c1500000| 99%| O|  |TAMS 0x00000000c14fffd8, 0x00000000c1400000| Untracked 
|  21|0x00000000c1500000, 0x00000000c15fee00, 0x00000000c1600000| 99%| O|  |TAMS 0x00000000c15fee00, 0x00000000c1500000| Untracked 
|  22|0x00000000c1600000, 0x00000000c16fe2c0, 0x00000000c1700000| 99%| O|  |TAMS 0x00000000c16fe2c0, 0x00000000c1600000| Untracked 
|  23|0x00000000c1700000, 0x00000000c17ffff8, 0x00000000c1800000| 99%| O|  |TAMS 0x00000000c17ffff8, 0x00000000c1700000| Untracked 
|  24|0x00000000c1800000, 0x00000000c18ffff0, 0x00000000c1900000| 99%| O|  |TAMS 0x00000000c18ffff0, 0x00000000c1800000| Untracked 
|  25|0x00000000c1900000, 0x00000000c19fffd0, 0x00000000c1a00000| 99%| O|  |TAMS 0x00000000c19fffd0, 0x00000000c1900000| Untracked 
|  26|0x00000000c1a00000, 0x00000000c1affe80, 0x00000000c1b00000| 99%| O|  |TAMS 0x00000000c1affe80, 0x00000000c1a00000| Untracked 
|  27|0x00000000c1b00000, 0x00000000c1bffff0, 0x00000000c1c00000| 99%| O|  |TAMS 0x00000000c1bffff0, 0x00000000c1b00000| Untracked 
|  28|0x00000000c1c00000, 0x00000000c1cffff8, 0x00000000c1d00000| 99%| O|  |TAMS 0x00000000c1cffff8, 0x00000000c1c00000| Untracked 
|  29|0x00000000c1d00000, 0x00000000c1dfd078, 0x00000000c1e00000| 98%| O|  |TAMS 0x00000000c1dfd078, 0x00000000c1d00000| Untracked 
|  30|0x00000000c1e00000, 0x00000000c1e39848, 0x00000000c1f00000| 22%| O|  |TAMS 0x00000000c1e00000, 0x00000000c1e00000| Untracked 
|  31|0x00000000c1f00000, 0x00000000c1ffb480, 0x00000000c2000000| 98%| O|  |TAMS 0x00000000c1ffb480, 0x00000000c1f00000| Untracked 
|  32|0x00000000c2000000, 0x00000000c2000068, 0x00000000c2100000|  0%| O|  |TAMS 0x00000000c2000000, 0x00000000c2000000| Untracked 
|  33|0x00000000c2100000, 0x00000000c2100000, 0x00000000c2200000|  0%| F|  |TAMS 0x00000000c2100000, 0x00000000c2100000| Untracked 
|  34|0x00000000c2200000, 0x00000000c2200000, 0x00000000c2300000|  0%| F|  |TAMS 0x00000000c2200000, 0x00000000c2200000| Untracked 
|  35|0x00000000c2300000, 0x00000000c2300000, 0x00000000c2400000|  0%| F|  |TAMS 0x00000000c2300000, 0x00000000c2300000| Untracked 
|  36|0x00000000c2400000, 0x00000000c2400000, 0x00000000c2500000|  0%| F|  |TAMS 0x00000000c2400000, 0x00000000c2400000| Untracked 
|  37|0x00000000c2500000, 0x00000000c2600000, 0x00000000c2600000|100%| O|  |TAMS 0x00000000c2600000, 0x00000000c2500000| Untracked 
|  38|0x00000000c2600000, 0x00000000c2600000, 0x00000000c2700000|  0%| F|  |TAMS 0x00000000c2600000, 0x00000000c2600000| Untracked 
|  39|0x00000000c2700000, 0x00000000c2700000, 0x00000000c2800000|  0%| F|  |TAMS 0x00000000c2700000, 0x00000000c2700000| Untracked 
|  40|0x00000000c2800000, 0x00000000c2900000, 0x00000000c2900000|100%| O|  |TAMS 0x00000000c2900000, 0x00000000c2800000| Untracked 
|  41|0x00000000c2900000, 0x00000000c2a00000, 0x00000000c2a00000|100%| O|  |TAMS 0x00000000c2a00000, 0x00000000c2900000| Untracked 
|  42|0x00000000c2a00000, 0x00000000c2a00000, 0x00000000c2b00000|  0%| F|  |TAMS 0x00000000c2a00000, 0x00000000c2a00000| Untracked 
|  43|0x00000000c2b00000, 0x00000000c2c00000, 0x00000000c2c00000|100%| O|  |TAMS 0x00000000c2c00000, 0x00000000c2b00000| Untracked 
|  44|0x00000000c2c00000, 0x00000000c2c00000, 0x00000000c2d00000|  0%| F|  |TAMS 0x00000000c2c00000, 0x00000000c2c00000| Untracked 
|  45|0x00000000c2d00000, 0x00000000c2d00000, 0x00000000c2e00000|  0%| F|  |TAMS 0x00000000c2d00000, 0x00000000c2d00000| Untracked 
|  46|0x00000000c2e00000, 0x00000000c2e00000, 0x00000000c2f00000|  0%| F|  |TAMS 0x00000000c2e00000, 0x00000000c2e00000| Untracked 
|  47|0x00000000c2f00000, 0x00000000c2f00000, 0x00000000c3000000|  0%| F|  |TAMS 0x00000000c2f00000, 0x00000000c2f00000| Untracked 
|  48|0x00000000c3000000, 0x00000000c3000000, 0x00000000c3100000|  0%| F|  |TAMS 0x00000000c3000000, 0x00000000c3000000| Untracked 
|  49|0x00000000c3100000, 0x00000000c3100000, 0x00000000c3200000|  0%| F|  |TAMS 0x00000000c3100000, 0x00000000c3100000| Untracked 
|  50|0x00000000c3200000, 0x00000000c3200000, 0x00000000c3300000|  0%| F|  |TAMS 0x00000000c3200000, 0x00000000c3200000| Untracked 
|  51|0x00000000c3300000, 0x00000000c3300000, 0x00000000c3400000|  0%| F|  |TAMS 0x00000000c3300000, 0x00000000c3300000| Untracked 
|  52|0x00000000c3400000, 0x00000000c3400000, 0x00000000c3500000|  0%| F|  |TAMS 0x00000000c3400000, 0x00000000c3400000| Untracked 
|  53|0x00000000c3500000, 0x00000000c3500000, 0x00000000c3600000|  0%| F|  |TAMS 0x00000000c3500000, 0x00000000c3500000| Untracked 
|  54|0x00000000c3600000, 0x00000000c3600000, 0x00000000c3700000|  0%| F|  |TAMS 0x00000000c3600000, 0x00000000c3600000| Untracked 
|  55|0x00000000c3700000, 0x00000000c3700000, 0x00000000c3800000|  0%| F|  |TAMS 0x00000000c3700000, 0x00000000c3700000| Untracked 
|  56|0x00000000c3800000, 0x00000000c3800000, 0x00000000c3900000|  0%| F|  |TAMS 0x00000000c3800000, 0x00000000c3800000| Untracked 
|  57|0x00000000c3900000, 0x00000000c3900000, 0x00000000c3a00000|  0%| F|  |TAMS 0x00000000c3900000, 0x00000000c3900000| Untracked 
|  58|0x00000000c3a00000, 0x00000000c3a00000, 0x00000000c3b00000|  0%| F|  |TAMS 0x00000000c3a00000, 0x00000000c3a00000| Untracked 
|  59|0x00000000c3b00000, 0x00000000c3b00000, 0x00000000c3c00000|  0%| F|  |TAMS 0x00000000c3b00000, 0x00000000c3b00000| Untracked 
|  60|0x00000000c3c00000, 0x00000000c3c00000, 0x00000000c3d00000|  0%| F|  |TAMS 0x00000000c3c00000, 0x00000000c3c00000| Untracked 
|  61|0x00000000c3d00000, 0x00000000c3d00000, 0x00000000c3e00000|  0%| F|  |TAMS 0x00000000c3d00000, 0x00000000c3d00000| Untracked 
|  62|0x00000000c3e00000, 0x00000000c3e00000, 0x00000000c3f00000|  0%| F|  |TAMS 0x00000000c3e00000, 0x00000000c3e00000| Untracked 
|  63|0x00000000c3f00000, 0x00000000c3f00000, 0x00000000c4000000|  0%| F|  |TAMS 0x00000000c3f00000, 0x00000000c3f00000| Untracked 
|  64|0x00000000c4000000, 0x00000000c4000000, 0x00000000c4100000|  0%| F|  |TAMS 0x00000000c4000000, 0x00000000c4000000| Untracked 
|  65|0x00000000c4100000, 0x00000000c4100000, 0x00000000c4200000|  0%| F|  |TAMS 0x00000000c4100000, 0x00000000c4100000| Untracked 
|  66|0x00000000c4200000, 0x00000000c4200000, 0x00000000c4300000|  0%| F|  |TAMS 0x00000000c4200000, 0x00000000c4200000| Untracked 
|  67|0x00000000c4300000, 0x00000000c4300000, 0x00000000c4400000|  0%| F|  |TAMS 0x00000000c4300000, 0x00000000c4300000| Untracked 
|  68|0x00000000c4400000, 0x00000000c4400000, 0x00000000c4500000|  0%| F|  |TAMS 0x00000000c4400000, 0x00000000c4400000| Untracked 
|  69|0x00000000c4500000, 0x00000000c4500000, 0x00000000c4600000|  0%| F|  |TAMS 0x00000000c4500000, 0x00000000c4500000| Untracked 
|  70|0x00000000c4600000, 0x00000000c4600000, 0x00000000c4700000|  0%| F|  |TAMS 0x00000000c4600000, 0x00000000c4600000| Untracked 
|  71|0x00000000c4700000, 0x00000000c4700000, 0x00000000c4800000|  0%| F|  |TAMS 0x00000000c4700000, 0x00000000c4700000| Untracked 
|  72|0x00000000c4800000, 0x00000000c4800000, 0x00000000c4900000|  0%| F|  |TAMS 0x00000000c4800000, 0x00000000c4800000| Untracked 
|  73|0x00000000c4900000, 0x00000000c4900000, 0x00000000c4a00000|  0%| F|  |TAMS 0x00000000c4900000, 0x00000000c4900000| Untracked 
|  74|0x00000000c4a00000, 0x00000000c4b00000, 0x00000000c4b00000|100%| O|  |TAMS 0x00000000c4b00000, 0x00000000c4a00000| Untracked 
|  75|0x00000000c4b00000, 0x00000000c4c00000, 0x00000000c4c00000|100%| O|  |TAMS 0x00000000c4c00000, 0x00000000c4b00000| Untracked 
|  76|0x00000000c4c00000, 0x00000000c4d00000, 0x00000000c4d00000|100%| O|  |TAMS 0x00000000c4d00000, 0x00000000c4c00000| Untracked 
|  77|0x00000000c4d00000, 0x00000000c4d00000, 0x00000000c4e00000|  0%| F|  |TAMS 0x00000000c4d00000, 0x00000000c4d00000| Untracked 
|  78|0x00000000c4e00000, 0x00000000c4e00000, 0x00000000c4f00000|  0%| F|  |TAMS 0x00000000c4e00000, 0x00000000c4e00000| Untracked 
|  79|0x00000000c4f00000, 0x00000000c4f00000, 0x00000000c5000000|  0%| F|  |TAMS 0x00000000c4f00000, 0x00000000c4f00000| Untracked 
|  80|0x00000000c5000000, 0x00000000c5000000, 0x00000000c5100000|  0%| F|  |TAMS 0x00000000c5000000, 0x00000000c5000000| Untracked 
|  81|0x00000000c5100000, 0x00000000c5100000, 0x00000000c5200000|  0%| F|  |TAMS 0x00000000c5100000, 0x00000000c5100000| Untracked 
|  82|0x00000000c5200000, 0x00000000c5200000, 0x00000000c5300000|  0%| F|  |TAMS 0x00000000c5200000, 0x00000000c5200000| Untracked 
|  83|0x00000000c5300000, 0x00000000c5300000, 0x00000000c5400000|  0%| F|  |TAMS 0x00000000c5300000, 0x00000000c5300000| Untracked 
|  84|0x00000000c5400000, 0x00000000c5400000, 0x00000000c5500000|  0%| F|  |TAMS 0x00000000c5400000, 0x00000000c5400000| Untracked 
|  85|0x00000000c5500000, 0x00000000c5500000, 0x00000000c5600000|  0%| F|  |TAMS 0x00000000c5500000, 0x00000000c5500000| Untracked 
|  86|0x00000000c5600000, 0x00000000c5600000, 0x00000000c5700000|  0%| F|  |TAMS 0x00000000c5600000, 0x00000000c5600000| Untracked 
|  87|0x00000000c5700000, 0x00000000c5700000, 0x00000000c5800000|  0%| F|  |TAMS 0x00000000c5700000, 0x00000000c5700000| Untracked 
|  88|0x00000000c5800000, 0x00000000c5800000, 0x00000000c5900000|  0%| F|  |TAMS 0x00000000c5800000, 0x00000000c5800000| Untracked 
|  89|0x00000000c5900000, 0x00000000c5900000, 0x00000000c5a00000|  0%| F|  |TAMS 0x00000000c5900000, 0x00000000c5900000| Untracked 
|  90|0x00000000c5a00000, 0x00000000c5a00000, 0x00000000c5b00000|  0%| F|  |TAMS 0x00000000c5a00000, 0x00000000c5a00000| Untracked 
|  91|0x00000000c5b00000, 0x00000000c5b00000, 0x00000000c5c00000|  0%| F|  |TAMS 0x00000000c5b00000, 0x00000000c5b00000| Untracked 
|  92|0x00000000c5c00000, 0x00000000c5c00000, 0x00000000c5d00000|  0%| F|  |TAMS 0x00000000c5c00000, 0x00000000c5c00000| Untracked 
|  93|0x00000000c5d00000, 0x00000000c5d00000, 0x00000000c5e00000|  0%| F|  |TAMS 0x00000000c5d00000, 0x00000000c5d00000| Untracked 
|  94|0x00000000c5e00000, 0x00000000c5e00000, 0x00000000c5f00000|  0%| F|  |TAMS 0x00000000c5e00000, 0x00000000c5e00000| Untracked 
|  95|0x00000000c5f00000, 0x00000000c5f00000, 0x00000000c6000000|  0%| F|  |TAMS 0x00000000c5f00000, 0x00000000c5f00000| Untracked 
|  96|0x00000000c6000000, 0x00000000c6000000, 0x00000000c6100000|  0%| F|  |TAMS 0x00000000c6000000, 0x00000000c6000000| Untracked 
|  97|0x00000000c6100000, 0x00000000c6100000, 0x00000000c6200000|  0%| F|  |TAMS 0x00000000c6100000, 0x00000000c6100000| Untracked 
|  98|0x00000000c6200000, 0x00000000c6200000, 0x00000000c6300000|  0%| F|  |TAMS 0x00000000c6200000, 0x00000000c6200000| Untracked 
|  99|0x00000000c6300000, 0x00000000c6300000, 0x00000000c6400000|  0%| F|  |TAMS 0x00000000c6300000, 0x00000000c6300000| Untracked 
| 100|0x00000000c6400000, 0x00000000c6400000, 0x00000000c6500000|  0%| F|  |TAMS 0x00000000c6400000, 0x00000000c6400000| Untracked 
| 101|0x00000000c6500000, 0x00000000c6500000, 0x00000000c6600000|  0%| F|  |TAMS 0x00000000c6500000, 0x00000000c6500000| Untracked 
| 102|0x00000000c6600000, 0x00000000c6600000, 0x00000000c6700000|  0%| F|  |TAMS 0x00000000c6600000, 0x00000000c6600000| Untracked 
| 103|0x00000000c6700000, 0x00000000c6700000, 0x00000000c6800000|  0%| F|  |TAMS 0x00000000c6700000, 0x00000000c6700000| Untracked 
| 104|0x00000000c6800000, 0x00000000c6800000, 0x00000000c6900000|  0%| F|  |TAMS 0x00000000c6800000, 0x00000000c6800000| Untracked 
| 105|0x00000000c6900000, 0x00000000c6900000, 0x00000000c6a00000|  0%| F|  |TAMS 0x00000000c6900000, 0x00000000c6900000| Untracked 
| 106|0x00000000c6a00000, 0x00000000c6a00000, 0x00000000c6b00000|  0%| F|  |TAMS 0x00000000c6a00000, 0x00000000c6a00000| Untracked 
| 107|0x00000000c6b00000, 0x00000000c6b00000, 0x00000000c6c00000|  0%| F|  |TAMS 0x00000000c6b00000, 0x00000000c6b00000| Untracked 
| 108|0x00000000c6c00000, 0x00000000c6c00000, 0x00000000c6d00000|  0%| F|  |TAMS 0x00000000c6c00000, 0x00000000c6c00000| Untracked 
| 109|0x00000000c6d00000, 0x00000000c6d00000, 0x00000000c6e00000|  0%| F|  |TAMS 0x00000000c6d00000, 0x00000000c6d00000| Untracked 
| 110|0x00000000c6e00000, 0x00000000c6e00000, 0x00000000c6f00000|  0%| F|  |TAMS 0x00000000c6e00000, 0x00000000c6e00000| Untracked 
| 111|0x00000000c6f00000, 0x00000000c6f00000, 0x00000000c7000000|  0%| F|  |TAMS 0x00000000c6f00000, 0x00000000c6f00000| Untracked 
| 112|0x00000000c7000000, 0x00000000c7000000, 0x00000000c7100000|  0%| F|  |TAMS 0x00000000c7000000, 0x00000000c7000000| Untracked 
| 113|0x00000000c7100000, 0x00000000c7100000, 0x00000000c7200000|  0%| F|  |TAMS 0x00000000c7100000, 0x00000000c7100000| Untracked 
| 114|0x00000000c7200000, 0x00000000c7200000, 0x00000000c7300000|  0%| F|  |TAMS 0x00000000c7200000, 0x00000000c7200000| Untracked 
| 115|0x00000000c7300000, 0x00000000c7300000, 0x00000000c7400000|  0%| F|  |TAMS 0x00000000c7300000, 0x00000000c7300000| Untracked 
| 116|0x00000000c7400000, 0x00000000c7400000, 0x00000000c7500000|  0%| F|  |TAMS 0x00000000c7400000, 0x00000000c7400000| Untracked 
| 117|0x00000000c7500000, 0x00000000c7500000, 0x00000000c7600000|  0%| F|  |TAMS 0x00000000c7500000, 0x00000000c7500000| Untracked 
| 118|0x00000000c7600000, 0x00000000c7600000, 0x00000000c7700000|  0%| F|  |TAMS 0x00000000c7600000, 0x00000000c7600000| Untracked 
| 119|0x00000000c7700000, 0x00000000c7700000, 0x00000000c7800000|  0%| F|  |TAMS 0x00000000c7700000, 0x00000000c7700000| Untracked 
| 120|0x00000000c7800000, 0x00000000c7800000, 0x00000000c7900000|  0%| F|  |TAMS 0x00000000c7800000, 0x00000000c7800000| Untracked 
| 121|0x00000000c7900000, 0x00000000c7900000, 0x00000000c7a00000|  0%| F|  |TAMS 0x00000000c7900000, 0x00000000c7900000| Untracked 
| 122|0x00000000c7a00000, 0x00000000c7a00000, 0x00000000c7b00000|  0%| F|  |TAMS 0x00000000c7a00000, 0x00000000c7a00000| Untracked 
| 123|0x00000000c7b00000, 0x00000000c7b00000, 0x00000000c7c00000|  0%| F|  |TAMS 0x00000000c7b00000, 0x00000000c7b00000| Untracked 
| 124|0x00000000c7c00000, 0x00000000c7c00000, 0x00000000c7d00000|  0%| F|  |TAMS 0x00000000c7c00000, 0x00000000c7c00000| Untracked 
| 125|0x00000000c7d00000, 0x00000000c7d114d0, 0x00000000c7e00000|  6%| E|  |TAMS 0x00000000c7d00000, 0x00000000c7d00000| Complete 

Card table byte_map: [0x00000173f9180000,0x00000173f9380000] _byte_map_base: 0x00000173f8b80000

Marking Bits (Prev, Next): (CMBitMap*) 0x00000173f16c9300, (CMBitMap*) 0x00000173f16c92c0
 Prev Bits: [0x00000173fa580000, 0x00000173fb580000)
 Next Bits: [0x00000173f9580000, 0x00000173fa580000)

Polling page: 0x00000173f1510000

Metaspace:

Usage:
  Non-class:     53.88 MB used.
      Class:      8.17 MB used.
       Both:     62.04 MB used.

Virtual space:
  Non-class space:       64.00 MB reserved,      54.12 MB ( 85%) committed,  1 nodes.
      Class space:        1.00 GB reserved,       8.38 MB ( <1%) committed,  1 nodes.
             Both:        1.06 GB reserved,      62.50 MB (  6%) committed. 

Chunk freelists:
   Non-Class:  9.93 MB
       Class:  7.61 MB
        Both:  17.54 MB

MaxMetaspaceSize: unlimited
CompressedClassSpaceSize: 1.00 GB
Initial GC threshold: 21.00 MB
Current GC threshold: 104.19 MB
CDS: off
MetaspaceReclaimPolicy: balanced
 - commit_granule_bytes: 65536.
 - commit_granule_words: 8192.
 - virtual_space_node_default_size: 8388608.
 - enlarge_chunks_in_place: 1.
 - new_chunks_are_fully_committed: 0.
 - uncommit_free_chunks: 1.
 - use_allocation_guard: 0.
 - handle_deallocations: 1.


Internal statistics:

num_allocs_failed_limit: 8.
num_arena_births: 704.
num_arena_deaths: 274.
num_vsnodes_births: 2.
num_vsnodes_deaths: 0.
num_space_committed: 999.
num_space_uncommitted: 0.
num_chunks_returned_to_freelist: 311.
num_chunks_taken_from_freelist: 2774.
num_chunk_merges: 111.
num_chunk_splits: 1906.
num_chunks_enlarged: 1513.
num_inconsistent_stats: 0.

CodeCache: size=49152Kb used=11879Kb max_used=12768Kb free=37272Kb
 bounds [0x00000173f5ae0000, 0x00000173f6760000, 0x00000173f8ae0000]
 total_blobs=7150 nmethods=6476 adapters=601
 compilation: enabled
              stopped_count=0, restarted_count=0
 full_count=0

Compilation events (20 events):
Event: 6546.006 Thread 0x00000173fdbe8630 6467       1       java.time.LocalDate::<init> (22 bytes)
Event: 6546.007 Thread 0x00000173fdbe8630 nmethod 6467 0x00000173f666f290 code [0x00000173f666f420, 0x00000173f666f4f8]
Event: 6546.007 Thread 0x00000173fdbe8630 6468       1       java.time.LocalTime::ofNanoOfDay (68 bytes)
Event: 6546.019 Thread 0x00000173fdbe8630 nmethod 6468 0x00000173f666ea90 code [0x00000173f666ec60, 0x00000173f666f038]
Event: 6550.122 Thread 0x00000173fdbe8630 6469       1       com.google.common.cache.LocalCache::expiresAfterAccess (15 bytes)
Event: 6550.122 Thread 0x00000173fdbe8630 nmethod 6469 0x00000173f666e790 code [0x00000173f666e920, 0x00000173f666ea18]
Event: 6619.182 Thread 0x00000173fdbe8630 6470       1       java.util.Objects::requireNonNullElse (15 bytes)
Event: 6619.192 Thread 0x00000173fdbe8630 nmethod 6470 0x00000173f666e410 code [0x00000173f666e5a0, 0x00000173f666e6e8]
Event: 6619.192 Thread 0x00000173fdbe8630 6471       1       java.time.LocalDate::ofEpochDay (236 bytes)
Event: 6619.203 Thread 0x00000173fdbe8630 nmethod 6471 0x00000173f666d510 code [0x00000173f666d720, 0x00000173f666df48]
Event: 6619.203 Thread 0x00000173fdbe8630 6472       1       java.time.temporal.ValueRange::checkValidIntValue (25 bytes)
Event: 6619.204 Thread 0x00000173fdbe8630 nmethod 6472 0x00000173f666d010 code [0x00000173f666d1c0, 0x00000173f666d3f8]
Event: 6619.204 Thread 0x00000173fdbe8630 6473       1       java.time.temporal.ValueRange::isIntValue (28 bytes)
Event: 6619.204 Thread 0x00000173fdbe8630 nmethod 6473 0x00000173f666cd10 code [0x00000173f666cea0, 0x00000173f666cf98]
Event: 6625.785 Thread 0x00000173fdbe8630 6474       1       java.time.LocalDateTime::ofEpochSecond (77 bytes)
Event: 6625.797 Thread 0x00000173fdbe8630 nmethod 6474 0x00000173f666c210 code [0x00000173f666c400, 0x00000173f666c988]
Event: 6625.797 Thread 0x00000173fdbe8630 6475       1       java.util.Optional::of (12 bytes)
Event: 6625.807 Thread 0x00000173fdbe8630 nmethod 6475 0x00000173f666bd90 code [0x00000173f666bf40, 0x00000173f666c128]
Event: 6649.005 Thread 0x00000173fdbe8630 6476       1       java.time.ZonedDateTime::<init> (20 bytes)
Event: 6649.007 Thread 0x00000173fdbe8630 nmethod 6476 0x00000173f666b990 code [0x00000173f666bb20, 0x00000173f666bcf8]

GC Heap History (20 events):
Event: 7300.511 GC heap before
{Heap before GC invocations=578 (full 554):
 garbage-first heap   total 129024K, used 39070K [0x00000000c0000000, 0x0000000100000000)
  region size 1024K, 1 young (1024K), 0 survivors (0K)
 Metaspace       used 63533K, committed 64000K, reserved 1114112K
  class space    used 8363K, committed 8576K, reserved 1048576K
}
Event: 7300.542 GC heap after
{Heap after GC invocations=579 (full 555):
 garbage-first heap   total 129024K, used 39070K [0x00000000c0000000, 0x0000000100000000)
  region size 1024K, 0 young (0K), 0 survivors (0K)
 Metaspace       used 63533K, committed 64000K, reserved 1114112K
  class space    used 8363K, committed 8576K, reserved 1048576K
}
Event: 7310.649 GC heap before
{Heap before GC invocations=579 (full 555):
 garbage-first heap   total 129024K, used 39070K [0x00000000c0000000, 0x0000000100000000)
  region size 1024K, 1 young (1024K), 0 survivors (0K)
 Metaspace       used 63533K, committed 64000K, reserved 1114112K
  class space    used 8363K, committed 8576K, reserved 1048576K
}
Event: 7310.676 GC heap after
{Heap after GC invocations=580 (full 556):
 garbage-first heap   total 129024K, used 39070K [0x00000000c0000000, 0x0000000100000000)
  region size 1024K, 0 young (0K), 0 survivors (0K)
 Metaspace       used 63533K, committed 64000K, reserved 1114112K
  class space    used 8363K, committed 8576K, reserved 1048576K
}
Event: 7320.787 GC heap before
{Heap before GC invocations=580 (full 556):
 garbage-first heap   total 129024K, used 39070K [0x00000000c0000000, 0x0000000100000000)
  region size 1024K, 1 young (1024K), 0 survivors (0K)
 Metaspace       used 63533K, committed 64000K, reserved 1114112K
  class space    used 8363K, committed 8576K, reserved 1048576K
}
Event: 7320.816 GC heap after
{Heap after GC invocations=581 (full 557):
 garbage-first heap   total 129024K, used 39070K [0x00000000c0000000, 0x0000000100000000)
  region size 1024K, 0 young (0K), 0 survivors (0K)
 Metaspace       used 63533K, committed 64000K, reserved 1114112K
  class space    used 8363K, committed 8576K, reserved 1048576K
}
Event: 7330.915 GC heap before
{Heap before GC invocations=581 (full 557):
 garbage-first heap   total 129024K, used 39070K [0x00000000c0000000, 0x0000000100000000)
  region size 1024K, 1 young (1024K), 0 survivors (0K)
 Metaspace       used 63533K, committed 64000K, reserved 1114112K
  class space    used 8363K, committed 8576K, reserved 1048576K
}
Event: 7330.942 GC heap after
{Heap after GC invocations=582 (full 558):
 garbage-first heap   total 129024K, used 39070K [0x00000000c0000000, 0x0000000100000000)
  region size 1024K, 0 young (0K), 0 survivors (0K)
 Metaspace       used 63533K, committed 64000K, reserved 1114112K
  class space    used 8363K, committed 8576K, reserved 1048576K
}
Event: 7341.037 GC heap before
{Heap before GC invocations=582 (full 558):
 garbage-first heap   total 129024K, used 39070K [0x00000000c0000000, 0x0000000100000000)
  region size 1024K, 1 young (1024K), 0 survivors (0K)
 Metaspace       used 63533K, committed 64000K, reserved 1114112K
  class space    used 8363K, committed 8576K, reserved 1048576K
}
Event: 7341.064 GC heap after
{Heap after GC invocations=583 (full 559):
 garbage-first heap   total 129024K, used 39070K [0x00000000c0000000, 0x0000000100000000)
  region size 1024K, 0 young (0K), 0 survivors (0K)
 Metaspace       used 63533K, committed 64000K, reserved 1114112K
  class space    used 8363K, committed 8576K, reserved 1048576K
}
Event: 7351.176 GC heap before
{Heap before GC invocations=583 (full 559):
 garbage-first heap   total 129024K, used 39070K [0x00000000c0000000, 0x0000000100000000)
  region size 1024K, 1 young (1024K), 0 survivors (0K)
 Metaspace       used 63533K, committed 64000K, reserved 1114112K
  class space    used 8363K, committed 8576K, reserved 1048576K
}
Event: 7351.203 GC heap after
{Heap after GC invocations=584 (full 560):
 garbage-first heap   total 129024K, used 39070K [0x00000000c0000000, 0x0000000100000000)
  region size 1024K, 0 young (0K), 0 survivors (0K)
 Metaspace       used 63533K, committed 64000K, reserved 1114112K
  class space    used 8363K, committed 8576K, reserved 1048576K
}
Event: 7361.320 GC heap before
{Heap before GC invocations=584 (full 560):
 garbage-first heap   total 129024K, used 39070K [0x00000000c0000000, 0x0000000100000000)
  region size 1024K, 1 young (1024K), 0 survivors (0K)
 Metaspace       used 63533K, committed 64000K, reserved 1114112K
  class space    used 8363K, committed 8576K, reserved 1048576K
}
Event: 7361.352 GC heap after
{Heap after GC invocations=585 (full 561):
 garbage-first heap   total 129024K, used 39070K [0x00000000c0000000, 0x0000000100000000)
  region size 1024K, 0 young (0K), 0 survivors (0K)
 Metaspace       used 63533K, committed 64000K, reserved 1114112K
  class space    used 8363K, committed 8576K, reserved 1048576K
}
Event: 7371.446 GC heap before
{Heap before GC invocations=585 (full 561):
 garbage-first heap   total 129024K, used 39070K [0x00000000c0000000, 0x0000000100000000)
  region size 1024K, 1 young (1024K), 0 survivors (0K)
 Metaspace       used 63533K, committed 64000K, reserved 1114112K
  class space    used 8363K, committed 8576K, reserved 1048576K
}
Event: 7371.474 GC heap after
{Heap after GC invocations=586 (full 562):
 garbage-first heap   total 129024K, used 39070K [0x00000000c0000000, 0x0000000100000000)
  region size 1024K, 0 young (0K), 0 survivors (0K)
 Metaspace       used 63533K, committed 64000K, reserved 1114112K
  class space    used 8363K, committed 8576K, reserved 1048576K
}
Event: 7381.572 GC heap before
{Heap before GC invocations=586 (full 562):
 garbage-first heap   total 129024K, used 39070K [0x00000000c0000000, 0x0000000100000000)
  region size 1024K, 1 young (1024K), 0 survivors (0K)
 Metaspace       used 63533K, committed 64000K, reserved 1114112K
  class space    used 8363K, committed 8576K, reserved 1048576K
}
Event: 7381.600 GC heap after
{Heap after GC invocations=587 (full 563):
 garbage-first heap   total 129024K, used 39070K [0x00000000c0000000, 0x0000000100000000)
  region size 1024K, 0 young (0K), 0 survivors (0K)
 Metaspace       used 63533K, committed 64000K, reserved 1114112K
  class space    used 8363K, committed 8576K, reserved 1048576K
}
Event: 7391.748 GC heap before
{Heap before GC invocations=587 (full 563):
 garbage-first heap   total 129024K, used 39070K [0x00000000c0000000, 0x0000000100000000)
  region size 1024K, 1 young (1024K), 0 survivors (0K)
 Metaspace       used 63533K, committed 64000K, reserved 1114112K
  class space    used 8363K, committed 8576K, reserved 1048576K
}
Event: 7391.776 GC heap after
{Heap after GC invocations=588 (full 564):
 garbage-first heap   total 129024K, used 39070K [0x00000000c0000000, 0x0000000100000000)
  region size 1024K, 0 young (0K), 0 survivors (0K)
 Metaspace       used 63533K, committed 64000K, reserved 1114112K
  class space    used 8363K, committed 8576K, reserved 1048576K
}

Dll operation events (10 events):
Event: 0.008 Loaded shared library c:\Users\Admin\.vscode\extensions\redhat.java-1.32.0-win32-x64\jre\17.0.11-win32-x86_64\bin\java.dll
Event: 0.734 Loaded shared library C:\Users\Admin\.vscode\extensions\redhat.java-1.32.0-win32-x64\jre\17.0.11-win32-x86_64\bin\net.dll
Event: 0.742 Loaded shared library C:\Users\Admin\.vscode\extensions\redhat.java-1.32.0-win32-x64\jre\17.0.11-win32-x86_64\bin\nio.dll
Event: 2.036 Loaded shared library C:\Users\Admin\.vscode\extensions\redhat.java-1.32.0-win32-x64\jre\17.0.11-win32-x86_64\bin\zip.dll
Event: 12.523 Loaded shared library C:\Users\Admin\.vscode\extensions\redhat.java-1.32.0-win32-x64\jre\17.0.11-win32-x86_64\bin\jimage.dll
Event: 14.957 Loaded shared library c:\Users\Admin\.vscode\extensions\redhat.java-1.32.0-win32-x64\jre\17.0.11-win32-x86_64\bin\verify.dll
Event: 22.017 Loaded shared library C:\Users\Admin\.vscode\extensions\redhat.java-1.32.0-win32-x64\jre\17.0.11-win32-x86_64\bin\management.dll
Event: 22.019 Loaded shared library C:\Users\Admin\.vscode\extensions\redhat.java-1.32.0-win32-x64\jre\17.0.11-win32-x86_64\bin\management_ext.dll
Event: 23.271 Loaded shared library C:\Users\Admin\.vscode\extensions\redhat.java-1.32.0-win32-x64\jre\17.0.11-win32-x86_64\bin\sunmscapi.dll
Event: 24.722 Loaded shared library C:\Users\Admin\.vscode\extensions\redhat.java-1.32.0-win32-x64\jre\17.0.11-win32-x86_64\bin\extnet.dll

Deoptimization events (20 events):
Event: 22.504 Thread 0x00000173ff65a770 DEOPT PACKING pc=0x00000173f6032b01 sp=0x0000000c757fddd0
Event: 22.504 Thread 0x00000173ff65a770 DEOPT UNPACKING pc=0x00000173f5b3ace3 sp=0x0000000c757fd260 mode 3
Event: 22.529 Thread 0x00000173ff65da30 DEOPT PACKING pc=0x00000173f6014417 sp=0x0000000c75dff370
Event: 22.529 Thread 0x00000173ff65da30 DEOPT UNPACKING pc=0x00000173f5b3ace3 sp=0x0000000c75dfe7c8 mode 3
Event: 23.340 Thread 0x00000173ff65cb00 DEOPT PACKING pc=0x00000173f5c3c78c sp=0x0000000c75ffaed0
Event: 23.340 Thread 0x00000173ff65cb00 DEOPT UNPACKING pc=0x00000173f5b3ace3 sp=0x0000000c75ffa398 mode 0
Event: 259.817 Thread 0x00000173fe6885e0 DEOPT PACKING pc=0x00000173f60fcf54 sp=0x0000000c756fefe0
Event: 259.818 Thread 0x00000173fe6885e0 DEOPT UNPACKING pc=0x00000173f5b3ace3 sp=0x0000000c756fe488 mode 0
Event: 3628.720 Thread 0x00000173ff65da30 DEOPT PACKING pc=0x00000173f6313c0c sp=0x0000000c75dfe570
Event: 3628.721 Thread 0x00000173ff65da30 DEOPT UNPACKING pc=0x00000173f5b3ace3 sp=0x0000000c75dfdad8 mode 0
Event: 3628.721 Thread 0x00000173ff65da30 DEOPT PACKING pc=0x00000173f63603cc sp=0x0000000c75dfe6a0
Event: 3628.721 Thread 0x00000173ff65da30 DEOPT UNPACKING pc=0x00000173f5b3ace3 sp=0x0000000c75dfdb80 mode 0
Event: 3628.721 Thread 0x00000173ff65da30 DEOPT PACKING pc=0x00000173f6313c0c sp=0x0000000c75dfe7d0
Event: 3628.721 Thread 0x00000173ff65da30 DEOPT UNPACKING pc=0x00000173f5b3ace3 sp=0x0000000c75dfdd38 mode 0
Event: 3628.721 Thread 0x00000173ff65da30 DEOPT PACKING pc=0x00000173f63603cc sp=0x0000000c75dfe900
Event: 3628.721 Thread 0x00000173ff65da30 DEOPT UNPACKING pc=0x00000173f5b3ace3 sp=0x0000000c75dfddf8 mode 0
Event: 3628.731 Thread 0x00000173ff65da30 DEOPT PACKING pc=0x00000173f6313c0c sp=0x0000000c75dfec70
Event: 3628.731 Thread 0x00000173ff65da30 DEOPT UNPACKING pc=0x00000173f5b3ace3 sp=0x0000000c75dfe1d8 mode 0
Event: 3628.731 Thread 0x00000173ff65da30 DEOPT PACKING pc=0x00000173f63603cc sp=0x0000000c75dfeda0
Event: 3628.731 Thread 0x00000173ff65da30 DEOPT UNPACKING pc=0x00000173f5b3ace3 sp=0x0000000c75dfe298 mode 0

Classes unloaded (20 events):
Event: 3727.874 Thread 0x00000173fdb9ca60 Unloading class 0x00000001006e9400 'java/lang/invoke/LambdaForm$MH+0x00000001006e9400'
Event: 3727.874 Thread 0x00000173fdb9ca60 Unloading class 0x00000001006e8c00 'java/lang/invoke/LambdaForm$MH+0x00000001006e8c00'
Event: 3727.874 Thread 0x00000173fdb9ca60 Unloading class 0x00000001006e8800 'java/lang/invoke/LambdaForm$MH+0x00000001006e8800'
Event: 3727.874 Thread 0x00000173fdb9ca60 Unloading class 0x00000001006e8400 'java/lang/invoke/LambdaForm$MH+0x00000001006e8400'
Event: 3727.874 Thread 0x00000173fdb9ca60 Unloading class 0x00000001006e8000 'java/lang/invoke/LambdaForm$MH+0x00000001006e8000'
Event: 3727.874 Thread 0x00000173fdb9ca60 Unloading class 0x0000000100520400 'java/lang/invoke/LambdaForm$MH+0x0000000100520400'
Event: 3727.874 Thread 0x00000173fdb9ca60 Unloading class 0x0000000100548000 'java/lang/invoke/LambdaForm$MH+0x0000000100548000'
Event: 3727.874 Thread 0x00000173fdb9ca60 Unloading class 0x0000000100559000 'java/lang/invoke/LambdaForm$MH+0x0000000100559000'
Event: 4781.636 Thread 0x00000173fdb9ca60 Unloading class 0x0000000100865c00 'java/lang/invoke/LambdaForm$MH+0x0000000100865c00'
Event: 4781.637 Thread 0x00000173fdb9ca60 Unloading class 0x0000000100865800 'java/lang/invoke/LambdaForm$MH+0x0000000100865800'
Event: 4781.637 Thread 0x00000173fdb9ca60 Unloading class 0x0000000100865400 'java/lang/invoke/LambdaForm$MH+0x0000000100865400'
Event: 4781.637 Thread 0x00000173fdb9ca60 Unloading class 0x0000000100865000 'java/lang/invoke/LambdaForm$MH+0x0000000100865000'
Event: 4781.637 Thread 0x00000173fdb9ca60 Unloading class 0x0000000100864c00 'java/lang/invoke/LambdaForm$MH+0x0000000100864c00'
Event: 4781.637 Thread 0x00000173fdb9ca60 Unloading class 0x0000000100864800 'java/lang/invoke/LambdaForm$MH+0x0000000100864800'
Event: 4781.637 Thread 0x00000173fdb9ca60 Unloading class 0x0000000100864400 'java/lang/invoke/LambdaForm$MH+0x0000000100864400'
Event: 4781.637 Thread 0x00000173fdb9ca60 Unloading class 0x0000000100864000 'java/lang/invoke/LambdaForm$MH+0x0000000100864000'
Event: 4781.637 Thread 0x00000173fdb9ca60 Unloading class 0x000000010085cc00 'java/lang/invoke/LambdaForm$MH+0x000000010085cc00'
Event: 4781.637 Thread 0x00000173fdb9ca60 Unloading class 0x000000010085c800 'java/lang/invoke/LambdaForm$MH+0x000000010085c800'
Event: 4781.637 Thread 0x00000173fdb9ca60 Unloading class 0x000000010085c400 'java/lang/invoke/LambdaForm$MH+0x000000010085c400'
Event: 4781.637 Thread 0x00000173fdb9ca60 Unloading class 0x0000000100559000 'java/lang/invoke/LambdaForm$MH+0x0000000100559000'

Classes redefined (0 events):
No events

Internal exceptions (20 events):
Event: 342.748 Thread 0x0000017384068250 Exception <a 'java/io/IOException'{0x00000000c7b6d1d0}> (0x00000000c7b6d1d0) 
thrown [s\src\hotspot\share\prims\jni.cpp, line 516]
Event: 2036.683 Thread 0x00000173ff65a770 Exception <a 'sun/nio/fs/WindowsException'{0x00000000c7b3a110}> (0x00000000c7b3a110) 
thrown [s\src\hotspot\share\prims\jni.cpp, line 516]
Event: 2036.692 Thread 0x00000173ff65a770 Exception <a 'sun/nio/fs/WindowsException'{0x00000000c7b3a808}> (0x00000000c7b3a808) 
thrown [s\src\hotspot\share\prims\jni.cpp, line 516]
Event: 2062.588 Thread 0x00000173ff65a770 Exception <a 'sun/nio/fs/WindowsException'{0x00000000c7b53cb8}> (0x00000000c7b53cb8) 
thrown [s\src\hotspot\share\prims\jni.cpp, line 516]
Event: 2062.588 Thread 0x00000173ff65a770 Exception <a 'sun/nio/fs/WindowsException'{0x00000000c7b543b0}> (0x00000000c7b543b0) 
thrown [s\src\hotspot\share\prims\jni.cpp, line 516]
Event: 2110.830 Thread 0x00000173ff65a770 Exception <a 'sun/nio/fs/WindowsException'{0x00000000c7b3e3e8}> (0x00000000c7b3e3e8) 
thrown [s\src\hotspot\share\prims\jni.cpp, line 516]
Event: 2110.830 Thread 0x00000173ff65a770 Exception <a 'sun/nio/fs/WindowsException'{0x00000000c7b3eae0}> (0x00000000c7b3eae0) 
thrown [s\src\hotspot\share\prims\jni.cpp, line 516]
Event: 2141.424 Thread 0x00000173ff65a770 Exception <a 'sun/nio/fs/WindowsException'{0x00000000c7b53e48}> (0x00000000c7b53e48) 
thrown [s\src\hotspot\share\prims\jni.cpp, line 516]
Event: 2141.424 Thread 0x00000173ff65a770 Exception <a 'sun/nio/fs/WindowsException'{0x00000000c7b54540}> (0x00000000c7b54540) 
thrown [s\src\hotspot\share\prims\jni.cpp, line 516]
Event: 2234.208 Thread 0x00000173ff65a770 Exception <a 'sun/nio/fs/WindowsException'{0x00000000c7b8be38}> (0x00000000c7b8be38) 
thrown [s\src\hotspot\share\prims\jni.cpp, line 516]
Event: 2234.208 Thread 0x00000173ff65a770 Exception <a 'sun/nio/fs/WindowsException'{0x00000000c7b8c530}> (0x00000000c7b8c530) 
thrown [s\src\hotspot\share\prims\jni.cpp, line 516]
Event: 2272.445 Thread 0x00000173ff65a770 Exception <a 'sun/nio/fs/WindowsException'{0x00000000c7ba18a0}> (0x00000000c7ba18a0) 
thrown [s\src\hotspot\share\prims\jni.cpp, line 516]
Event: 2272.445 Thread 0x00000173ff65a770 Exception <a 'sun/nio/fs/WindowsException'{0x00000000c7ba1f98}> (0x00000000c7ba1f98) 
thrown [s\src\hotspot\share\prims\jni.cpp, line 516]
Event: 2413.781 Thread 0x00000173ff65a770 Exception <a 'sun/nio/fs/WindowsException'{0x00000000c7b3a110}> (0x00000000c7b3a110) 
thrown [s\src\hotspot\share\prims\jni.cpp, line 516]
Event: 2413.782 Thread 0x00000173ff65a770 Exception <a 'sun/nio/fs/WindowsException'{0x00000000c7b3a808}> (0x00000000c7b3a808) 
thrown [s\src\hotspot\share\prims\jni.cpp, line 516]
Event: 2434.169 Thread 0x00000173ff65a770 Exception <a 'sun/nio/fs/WindowsException'{0x00000000c7b513a0}> (0x00000000c7b513a0) 
thrown [s\src\hotspot\share\prims\jni.cpp, line 516]
Event: 2434.169 Thread 0x00000173ff65a770 Exception <a 'sun/nio/fs/WindowsException'{0x00000000c7b51a98}> (0x00000000c7b51a98) 
thrown [s\src\hotspot\share\prims\jni.cpp, line 516]
Event: 3624.701 Thread 0x00000173ff65da30 Exception <a 'java/lang/NoSuchMethodError'{0x00000000c35cbed0}: 'java.lang.Object java.lang.invoke.Invokers$Holder.invoke_MT(java.lang.Object, java.lang.Object, java.lang.Object)'> (0x00000000c35cbed0) 
thrown [s\src\hotspot\share\interpreter\linkResolver.cpp, line 759]
Event: 3625.250 Thread 0x00000173ff65da30 Exception <a 'java/lang/IncompatibleClassChangeError'{0x00000000c3539b40}: Found class java.lang.Object, but interface was expected> (0x00000000c3539b40) 
thrown [s\src\hotspot\share\interpreter\linkResolver.cpp, line 826]
Event: 3625.336 Thread 0x00000173ff65da30 Exception <a 'java/lang/NoSuchMethodError'{0x00000000c426f610}: 'int java.lang.invoke.DirectMethodHandle$Holder.invokeSpecialIFC(java.lang.Object, java.lang.Object, java.lang.Object)'> (0x00000000c426f610) 
thrown [s\src\hotspot\share\interpreter\linkResolver.cpp, line 759]

VM Operations (20 events):
Event: 7300.542 Executing VM operation: G1CollectFull done
Event: 7310.649 Executing VM operation: G1CollectFull
Event: 7310.676 Executing VM operation: G1CollectFull done
Event: 7320.787 Executing VM operation: G1CollectFull
Event: 7320.817 Executing VM operation: G1CollectFull done
Event: 7330.915 Executing VM operation: G1CollectFull
Event: 7330.942 Executing VM operation: G1CollectFull done
Event: 7341.037 Executing VM operation: G1CollectFull
Event: 7341.064 Executing VM operation: G1CollectFull done
Event: 7351.176 Executing VM operation: G1CollectFull
Event: 7351.203 Executing VM operation: G1CollectFull done
Event: 7361.319 Executing VM operation: G1CollectFull
Event: 7361.353 Executing VM operation: G1CollectFull done
Event: 7371.446 Executing VM operation: G1CollectFull
Event: 7371.475 Executing VM operation: G1CollectFull done
Event: 7381.572 Executing VM operation: G1CollectFull
Event: 7381.600 Executing VM operation: G1CollectFull done
Event: 7391.748 Executing VM operation: G1CollectFull
Event: 7391.777 Executing VM operation: G1CollectFull done
Event: 7401.829 Executing VM operation: G1CollectFull

Events (20 events):
Event: 5443.885 Thread 0x00000173ff65cb00 Thread added: 0x00000173ff65cb00
Event: 5503.901 Thread 0x00000173ff65cb00 Thread exited: 0x00000173ff65cb00
Event: 5504.799 Thread 0x00000173ff65df40 Thread added: 0x00000173ff65df40
Event: 5564.804 Thread 0x00000173ff65df40 Thread exited: 0x00000173ff65df40
Event: 5585.128 Thread 0x00000173ff65b1b0 Thread added: 0x00000173ff65b1b0
Event: 5675.578 Thread 0x00000173ff65b1b0 Thread exited: 0x00000173ff65b1b0
Event: 5913.526 Thread 0x00000173ff65d520 Thread added: 0x00000173ff65d520
Event: 5973.540 Thread 0x00000173ff65d520 Thread exited: 0x00000173ff65d520
Event: 5984.578 Thread 0x00000173ff65cb00 Thread added: 0x00000173ff65cb00
Event: 6046.297 Thread 0x00000173ff65cb00 Thread exited: 0x00000173ff65cb00
Event: 6082.875 Thread 0x00000173ff65d520 Thread added: 0x00000173ff65d520
Event: 6169.780 Thread 0x00000173ff65d520 Thread exited: 0x00000173ff65d520
Event: 6213.805 Thread 0x00000173ff65b1b0 Thread added: 0x00000173ff65b1b0
Event: 6273.890 Thread 0x00000173ff65b1b0 Thread exited: 0x00000173ff65b1b0
Event: 6362.849 Thread 0x00000173ff65b1b0 Thread added: 0x00000173ff65b1b0
Event: 6422.955 Thread 0x00000173ff65b1b0 Thread exited: 0x00000173ff65b1b0
Event: 6487.170 Thread 0x00000173ff65df40 Thread added: 0x00000173ff65df40
Event: 6606.039 Thread 0x00000173ff65df40 Thread exited: 0x00000173ff65df40
Event: 6619.177 Thread 0x00000173ff65b1b0 Thread added: 0x00000173ff65b1b0
Event: 6709.020 Thread 0x00000173ff65b1b0 Thread exited: 0x00000173ff65b1b0


Dynamic libraries:
0x00007ff6178a0000 - 0x00007ff6178ae000 	c:\Users\Admin\.vscode\extensions\redhat.java-1.32.0-win32-x64\jre\17.0.11-win32-x86_64\bin\java.exe
0x00007fffd5af0000 - 0x00007fffd5ce8000 	C:\Windows\SYSTEM32\ntdll.dll
0x00007fffd5220000 - 0x00007fffd52e1000 	C:\Windows\System32\KERNEL32.DLL
0x00007fffd3520000 - 0x00007fffd3816000 	C:\Windows\System32\KERNELBASE.dll
0x00007fffd39f0000 - 0x00007fffd3af0000 	C:\Windows\System32\ucrtbase.dll
0x00007fffbfac0000 - 0x00007fffbfad7000 	c:\Users\Admin\.vscode\extensions\redhat.java-1.32.0-win32-x64\jre\17.0.11-win32-x86_64\bin\jli.dll
0x00007fffd5860000 - 0x00007fffd59ff000 	C:\Windows\System32\USER32.dll
0x00007fffd3950000 - 0x00007fffd3972000 	C:\Windows\System32\win32u.dll
0x00007fffd5630000 - 0x00007fffd565b000 	C:\Windows\System32\GDI32.dll
0x00007fffd31f0000 - 0x00007fffd3307000 	C:\Windows\System32\gdi32full.dll
0x00007fffd38b0000 - 0x00007fffd394d000 	C:\Windows\System32\msvcp_win.dll
0x00007fffbf810000 - 0x00007fffbf82b000 	c:\Users\Admin\.vscode\extensions\redhat.java-1.32.0-win32-x64\jre\17.0.11-win32-x86_64\bin\VCRUNTIME140.dll
0x00007fffc08e0000 - 0x00007fffc0b7a000 	C:\Windows\WinSxS\amd64_microsoft.windows.common-controls_6595b64144ccf1df_6.0.19041.4355_none_60b8b9eb71f62e16\COMCTL32.dll
0x00007fffd4900000 - 0x00007fffd499e000 	C:\Windows\System32\msvcrt.dll
0x00007fffd4a70000 - 0x00007fffd4a9f000 	C:\Windows\System32\IMM32.DLL
0x00007fffc59c0000 - 0x00007fffc59cc000 	c:\Users\Admin\.vscode\extensions\redhat.java-1.32.0-win32-x64\jre\17.0.11-win32-x86_64\bin\vcruntime140_1.dll
0x00007fffaaa30000 - 0x00007fffaaabd000 	c:\Users\Admin\.vscode\extensions\redhat.java-1.32.0-win32-x64\jre\17.0.11-win32-x86_64\bin\msvcp140.dll
0x00007fff52c80000 - 0x00007fff538e2000 	c:\Users\Admin\.vscode\extensions\redhat.java-1.32.0-win32-x64\jre\17.0.11-win32-x86_64\bin\server\jvm.dll
0x00007fffd44f0000 - 0x00007fffd45a0000 	C:\Windows\System32\ADVAPI32.dll
0x00007fffd5590000 - 0x00007fffd5630000 	C:\Windows\System32\sechost.dll
0x00007fffd5730000 - 0x00007fffd5853000 	C:\Windows\System32\RPCRT4.dll
0x00007fffd3af0000 - 0x00007fffd3b17000 	C:\Windows\System32\bcrypt.dll
0x00007fffd2ed0000 - 0x00007fffd2f1b000 	C:\Windows\SYSTEM32\POWRPROF.dll
0x00007fffcd4c0000 - 0x00007fffcd4c9000 	C:\Windows\SYSTEM32\WSOCK32.dll
0x00007fffd4a00000 - 0x00007fffd4a6b000 	C:\Windows\System32\WS2_32.dll
0x00007fffbb320000 - 0x00007fffbb347000 	C:\Windows\SYSTEM32\WINMM.dll
0x00007fffcc390000 - 0x00007fffcc39a000 	C:\Windows\SYSTEM32\VERSION.dll
0x00007fffd2eb0000 - 0x00007fffd2ec2000 	C:\Windows\SYSTEM32\UMPDC.dll
0x00007fffd19b0000 - 0x00007fffd19c2000 	C:\Windows\SYSTEM32\kernel.appcore.dll
0x00007fffc5970000 - 0x00007fffc597a000 	c:\Users\Admin\.vscode\extensions\redhat.java-1.32.0-win32-x64\jre\17.0.11-win32-x86_64\bin\jimage.dll
0x00007fffd0db0000 - 0x00007fffd0f94000 	C:\Windows\SYSTEM32\DBGHELP.DLL
0x00007fffb9f40000 - 0x00007fffb9f74000 	C:\Windows\SYSTEM32\dbgcore.DLL
0x00007fffd3820000 - 0x00007fffd38a2000 	C:\Windows\System32\bcryptPrimitives.dll
0x00007fffac020000 - 0x00007fffac045000 	c:\Users\Admin\.vscode\extensions\redhat.java-1.32.0-win32-x64\jre\17.0.11-win32-x86_64\bin\java.dll
0x00007fffbe4d0000 - 0x00007fffbe4e8000 	c:\Users\Admin\.vscode\extensions\redhat.java-1.32.0-win32-x64\jre\17.0.11-win32-x86_64\bin\zip.dll
0x00007fffd4aa0000 - 0x00007fffd520c000 	C:\Windows\System32\SHELL32.dll
0x00007fffd1200000 - 0x00007fffd199e000 	C:\Windows\SYSTEM32\windows.storage.dll
0x00007fffd45a0000 - 0x00007fffd48f3000 	C:\Windows\System32\combase.dll
0x00007fffd2b50000 - 0x00007fffd2b7e000 	C:\Windows\SYSTEM32\Wldp.dll
0x00007fffd3d50000 - 0x00007fffd3e1d000 	C:\Windows\System32\OLEAUT32.dll
0x00007fffd5a00000 - 0x00007fffd5aad000 	C:\Windows\System32\SHCORE.dll
0x00007fffd3e20000 - 0x00007fffd3e75000 	C:\Windows\System32\shlwapi.dll
0x00007fffd30d0000 - 0x00007fffd30f4000 	C:\Windows\SYSTEM32\profapi.dll
0x00007fffbdee0000 - 0x00007fffbdef9000 	C:\Users\Admin\.vscode\extensions\redhat.java-1.32.0-win32-x64\jre\17.0.11-win32-x86_64\bin\net.dll
0x00007fffc8e30000 - 0x00007fffc8f3a000 	C:\Windows\SYSTEM32\WINHTTP.dll
0x00007fffd2850000 - 0x00007fffd28ba000 	C:\Windows\system32\mswsock.dll
0x00007fffbd7c0000 - 0x00007fffbd7d6000 	C:\Users\Admin\.vscode\extensions\redhat.java-1.32.0-win32-x64\jre\17.0.11-win32-x86_64\bin\nio.dll
0x00007fffc0020000 - 0x00007fffc0030000 	c:\Users\Admin\.vscode\extensions\redhat.java-1.32.0-win32-x64\jre\17.0.11-win32-x86_64\bin\verify.dll
0x00007fffd2a50000 - 0x00007fffd2a68000 	C:\Windows\SYSTEM32\CRYPTSP.dll
0x00007fffd2170000 - 0x00007fffd21a4000 	C:\Windows\system32\rsaenh.dll
0x00007fffd3080000 - 0x00007fffd30ae000 	C:\Windows\SYSTEM32\USERENV.dll
0x00007fffd2a40000 - 0x00007fffd2a4c000 	C:\Windows\SYSTEM32\CRYPTBASE.dll
0x00007fffd2530000 - 0x00007fffd256b000 	C:\Windows\SYSTEM32\IPHLPAPI.DLL
0x00007fffd5700000 - 0x00007fffd5708000 	C:\Windows\System32\NSI.dll
0x00007fffc9f40000 - 0x00007fffc9f57000 	C:\Windows\SYSTEM32\dhcpcsvc6.DLL
0x00007fffca8d0000 - 0x00007fffca8ed000 	C:\Windows\SYSTEM32\dhcpcsvc.DLL
0x00007fffd2570000 - 0x00007fffd263a000 	C:\Windows\SYSTEM32\DNSAPI.dll
0x00007fffbff50000 - 0x00007fffbff59000 	C:\Users\Admin\.vscode\extensions\redhat.java-1.32.0-win32-x64\jre\17.0.11-win32-x86_64\bin\management.dll
0x00007fffbff40000 - 0x00007fffbff4b000 	C:\Users\Admin\.vscode\extensions\redhat.java-1.32.0-win32-x64\jre\17.0.11-win32-x86_64\bin\management_ext.dll
0x00007fffd5660000 - 0x00007fffd5668000 	C:\Windows\System32\PSAPI.DLL
0x00007fffbf100000 - 0x00007fffbf10e000 	C:\Users\Admin\.vscode\extensions\redhat.java-1.32.0-win32-x64\jre\17.0.11-win32-x86_64\bin\sunmscapi.dll
0x00007fffd33c0000 - 0x00007fffd351e000 	C:\Windows\System32\CRYPT32.dll
0x00007fffd2bc0000 - 0x00007fffd2be9000 	C:\Windows\SYSTEM32\ncrypt.dll
0x00007fffd2b80000 - 0x00007fffd2bbb000 	C:\Windows\SYSTEM32\NTASN1.dll
0x00007fffbf180000 - 0x00007fffbf18a000 	C:\Windows\System32\rasadhlp.dll
0x00007fffbf2b0000 - 0x00007fffbf330000 	C:\Windows\System32\fwpuclnt.dll
0x00007fffbf0f0000 - 0x00007fffbf0f9000 	C:\Users\Admin\.vscode\extensions\redhat.java-1.32.0-win32-x64\jre\17.0.11-win32-x86_64\bin\extnet.dll

dbghelp: loaded successfully - version: 4.0.5 - missing functions: none
symbol engine: initialized successfully - sym options: 0x614 - pdb path: .;c:\Users\Admin\.vscode\extensions\redhat.java-1.32.0-win32-x64\jre\17.0.11-win32-x86_64\bin;C:\Windows\SYSTEM32;C:\Windows\WinSxS\amd64_microsoft.windows.common-controls_6595b64144ccf1df_6.0.19041.4355_none_60b8b9eb71f62e16;c:\Users\Admin\.vscode\extensions\redhat.java-1.32.0-win32-x64\jre\17.0.11-win32-x86_64\bin\server

VM Arguments:
jvm_args: -Xmx1024m -Dsts.lsp.client=vscode -Dsts.log.file=/dev/null -XX:TieredStopAtLevel=1 -Xlog:jni+resolve=off -Dspring.config.location=file:c:\Users\Admin\.vscode\extensions\vmware.vscode-spring-boot-1.55.1\language-server\BOOT-INF\classes\application.properties 
java_command: org.springframework.ide.vscode.boot.app.BootLanguageServerBootApp
java_class_path (initial): c:\Users\Admin\.vscode\extensions\vmware.vscode-spring-boot-1.55.1\language-server\BOOT-INF\classes;c:\Users\Admin\.vscode\extensions\vmware.vscode-spring-boot-1.55.1\language-server\BOOT-INF\lib\annotations-24.1.0.jar;c:\Users\Admin\.vscode\extensions\vmware.vscode-spring-boot-1.55.1\language-server\BOOT-INF\lib\antlr4-runtime-4.13.1.jar;c:\Users\Admin\.vscode\extensions\vmware.vscode-spring-boot-1.55.1\language-server\BOOT-INF\lib\asm-9.7.jar;c:\Users\Admin\.vscode\extensions\vmware.vscode-spring-boot-1.55.1\language-server\BOOT-INF\lib\asm-analysis-9.7.jar;c:\Users\Admin\.vscode\extensions\vmware.vscode-spring-boot-1.55.1\language-server\BOOT-INF\lib\asm-tree-9.7.jar;c:\Users\Admin\.vscode\extensions\vmware.vscode-spring-boot-1.55.1\language-server\BOOT-INF\lib\asm-util-9.7.jar;c:\Users\Admin\.vscode\extensions\vmware.vscode-spring-boot-1.55.1\language-server\BOOT-INF\lib\caffeine-3.1.8.jar;c:\Users\Admin\.vscode\extensions\vmware.vscode-spring-boot-1.55.1\language-server\BOOT-INF\lib\checker-qual-3.12.0.jar;c:\Users\Admin\.vscode\extensions\vmware.vscode-spring-boot-1.55.1\language-server\BOOT-INF\lib\classgraph-4.8.149.jar;c:\Users\Admin\.vscode\extensions\vmware.vscode-spring-boot-1.55.1\language-server\BOOT-INF\lib\commons-codec-1.16.1.jar;c:\Users\Admin\.vscode\extensions\vmware.vscode-spring-boot-1.55.1\language-server\BOOT-INF\lib\commons-compress-1.26.1.jar;c:\Users\Admin\.vscode\extensions\vmware.vscode-spring-boot-1.55.1\language-server\BOOT-INF\lib\commons-io-2.16.1.jar;c:\Users\Admin\.vscode\extensions\vmware.vscode-spring-boot-1.55.1\language-server\BOOT-INF\lib\commons-java-1.55.1-SNAPSHOT.jar;c:\Users\Admin\.vscode\extensions\vmware.vscode-spring-boot-1.55.1\language-server\BOOT-INF\lib\commons-lang3-3.14.0.jar;c:\Users\Admin\.vscode\extensions\vmware.vscode-spring-boot-1.55.1\language-server\BOOT-INF\lib\commons-language-server-1.55.1-SNAPSHOT.jar;c:\Users\Admin\.vscode\extensions\vmware.vscode-spring-boot-1.55.1\langu
Launcher Type: SUN_STANDARD

[Global flags]
     intx CICompilerCount                          = 3                                         {product} {ergonomic}
     uint ConcGCThreads                            = 1                                         {product} {ergonomic}
     uint G1ConcRefinementThreads                  = 4                                         {product} {ergonomic}
   size_t G1HeapRegionSize                         = 1048576                                   {product} {ergonomic}
    uintx GCDrainStackTargetSize                   = 64                                        {product} {ergonomic}
   size_t InitialHeapSize                          = 130023424                                 {product} {ergonomic}
   size_t MarkStackSize                            = 4194304                                   {product} {ergonomic}
   size_t MaxHeapSize                              = 1073741824                                {product} {command line}
   size_t MaxNewSize                               = 643825664                                 {product} {ergonomic}
   size_t MinHeapDeltaBytes                        = 1048576                                   {product} {ergonomic}
   size_t MinHeapSize                              = 8388608                                   {product} {ergonomic}
    uintx NonProfiledCodeHeapSize                  = 0                                      {pd product} {ergonomic}
     bool ProfileInterpreter                       = false                                  {pd product} {command line}
    uintx ProfiledCodeHeapSize                     = 0                                      {pd product} {ergonomic}
   size_t SoftMaxHeapSize                          = 1073741824                             {manageable} {ergonomic}
     intx TieredStopAtLevel                        = 1                                         {product} {command line}
     bool UseCompressedClassPointers               = true                           {product lp64_product} {ergonomic}
     bool UseCompressedOops                        = true                           {product lp64_product} {ergonomic}
     bool UseG1GC                                  = true                                      {product} {ergonomic}
     bool UseLargePagesIndividualAllocation        = false                                  {pd product} {ergonomic}

Logging:
Log output configuration:
 #0: stdout all=warning,jni+resolve=off uptime,level,tags
 #1: stderr all=off uptime,level,tags

Environment Variables:
PATH=C:\ProgramData\Oracle\Java\javapath;C:\Program Files\Java\jdk-17\bin;C:\Program Files\Common Files\Oracle\Java\javapath;C:\Windows\system32;C:\Windows;C:\Windows\System32\Wbem;C:\Windows\System32\WindowsPowerShell\v1.0\;C:\Windows\System32\OpenSSH\;C:\Program Files (x86)\nodejs\;C:\Program Files\Git\cmd;C:\Program Files (x86)\Microsoft SQL Server\160\DTS\Binn\;C:\Program Files\Azure Data Studio\bin;C:\Program Files (x86)\Microsoft SQL Server\160\Tools\Binn\;C:\Program Files\Microsoft SQL Server\160\Tools\Binn\;C:\Program Files\Microsoft SQL Server\Client SDK\ODBC\170\Tools\Binn\;C:\Program Files\Microsoft SQL Server\160\DTS\Binn\;C:\Program Files\Microsoft SQL Server\130\Tools\Binn\;C:\Program Files\MySQL\MySQL Shell 8.0\bin\;C:\Users\Admin\AppData\Local\Microsoft\WindowsApps;;C:\Users\Admin\AppData\Local\Programs\Microsoft VS Code\bin;C:\Users\Admin\AppData\Roaming\npm;C:\Program Files\Azure Data Studio\bin
USERNAME=Admin
OS=Windows_NT
PROCESSOR_IDENTIFIER=Intel64 Family 6 Model 126 Stepping 5, GenuineIntel
TMP=C:\Users\Admin\AppData\Local\Temp
TEMP=C:\Users\Admin\AppData\Local\Temp



Periodic native trim disabled


---------------  S Y S T E M  ---------------

OS:
 Windows 10 , 64 bit Build 19041 (10.0.19041.4597)
OS uptime: 6 days 9:44 hours

CPU: total 4 (initial active 4) (2 cores per cpu, 2 threads per core) family 6 model 126 stepping 5 microcode 0xa6, cx8, cmov, fxsr, ht, mmx, 3dnowpref, sse, sse2, sse3, ssse3, sse4.1, sse4.2, popcnt, lzcnt, tsc, tscinvbit, avx, avx2, aes, erms, clmul, bmi1, bmi2, adx, avx512f, avx512dq, avx512cd, avx512bw, avx512vl, sha, fma, vzeroupper, avx512_vpopcntdq, avx512_vpclmulqdq, avx512_vaes, avx512_vnni, clflush, clflushopt, avx512_vbmi2, avx512_vbmi
Processor Information for all 4 processors :
  Max Mhz: 1190, Current Mhz: 1190, Mhz Limit: 1190

Memory: 4k page, system-wide physical 7934M (784M free)
TotalPageFile size 23182M (AvailPageFile size 11M)
current process WorkingSet (physical memory assigned to process): 69M, peak: 232M
current process commit charge ("private bytes"): 292M, peak: 302M

vm_info: OpenJDK 64-Bit Server VM (17.0.11+9) for windows-amd64 JRE (17.0.11+9), built on Apr 17 2024 06:07:48 by "admin" with MS VC++ 16.10 / 16.11 (VS2019)

END.
